{"/Users/soph/Desktop/Frontend-Capstone-Ecommerce/client/src/index.jsx": {"path":"/Users/soph/Desktop/Frontend-Capstone-Ecommerce/client/src/index.jsx","statementMap":{"0":{"start":{"line":6,"column":18},"end":{"line":6,"column":81}},"1":{"start":{"line":7,"column":13},"end":{"line":7,"column":34}},"2":{"start":{"line":9,"column":0},"end":{"line":9,"column":21}}},"fnMap":{},"branchMap":{"0":{"loc":{"start":{"line":6,"column":18},"end":{"line":6,"column":81}},"type":"binary-expr","locations":[{"start":{"line":6,"column":18},"end":{"line":6,"column":48}},{"start":{"line":6,"column":52},"end":{"line":6,"column":81}}],"line":6}},"s":{"0":0,"1":0,"2":0},"f":{},"b":{"0":[0,0]}}
,"/Users/soph/Desktop/Frontend-Capstone-Ecommerce/client/src/components/App.jsx": {"path":"/Users/soph/Desktop/Frontend-Capstone-Ecommerce/client/src/components/App.jsx","statementMap":{"0":{"start":{"line":13,"column":32},"end":{"line":13,"column":44}},"1":{"start":{"line":14,"column":30},"end":{"line":14,"column":42}},"2":{"start":{"line":15,"column":38},"end":{"line":15,"column":49}},"3":{"start":{"line":17,"column":2},"end":{"line":20,"column":7}},"4":{"start":{"line":18,"column":4},"end":{"line":19,"column":46}},"5":{"start":{"line":19,"column":22},"end":{"line":19,"column":45}},"6":{"start":{"line":22,"column":2},"end":{"line":47,"column":3}}},"fnMap":{"0":{"name":"App","decl":{"start":{"line":12,"column":24},"end":{"line":12,"column":27}},"loc":{"start":{"line":12,"column":30},"end":{"line":48,"column":1}},"line":12},"1":{"name":"(anonymous_1)","decl":{"start":{"line":17,"column":12},"end":{"line":17,"column":13}},"loc":{"start":{"line":17,"column":18},"end":{"line":20,"column":3}},"line":17},"2":{"name":"(anonymous_2)","decl":{"start":{"line":19,"column":12},"end":{"line":19,"column":13}},"loc":{"start":{"line":19,"column":22},"end":{"line":19,"column":45}},"line":19}},"branchMap":{"0":{"loc":{"start":{"line":23,"column":4},"end":{"line":46,"column":10}},"type":"cond-expr","locations":[{"start":{"line":24,"column":4},"end":{"line":45,"column":20}},{"start":{"line":46,"column":6},"end":{"line":46,"column":10}}],"line":23}},"s":{"0":1,"1":1,"2":1,"3":1,"4":1,"5":0,"6":1},"f":{"0":1,"1":1,"2":0},"b":{"0":[0,1]},"_coverageSchema":"1a1c01bbd47fc00a2c39e90264f33305004495a9","hash":"d972787f587a9afe3d3074743cf48fe88acc4d1e"}
,"/Users/soph/Desktop/Frontend-Capstone-Ecommerce/client/src/components/StarRatings.jsx": {"path":"/Users/soph/Desktop/Frontend-Capstone-Ecommerce/client/src/components/StarRatings.jsx","statementMap":{"0":{"start":{"line":5,"column":30},"end":{"line":5,"column":58}},"1":{"start":{"line":7,"column":2},"end":{"line":22,"column":24}},"2":{"start":{"line":8,"column":4},"end":{"line":21,"column":5}},"3":{"start":{"line":9,"column":6},"end":{"line":9,"column":27}},"4":{"start":{"line":11,"column":21},"end":{"line":11,"column":47}},"5":{"start":{"line":12,"column":6},"end":{"line":20,"column":39}},"6":{"start":{"line":14,"column":19},"end":{"line":14,"column":30}},"7":{"start":{"line":15,"column":23},"end":{"line":15,"column":85}},"8":{"start":{"line":16,"column":21},"end":{"line":16,"column":184}},"9":{"start":{"line":17,"column":28},"end":{"line":17,"column":56}},"10":{"start":{"line":18,"column":8},"end":{"line":18,"column":33}},"11":{"start":{"line":20,"column":21},"end":{"line":20,"column":37}},"12":{"start":{"line":25,"column":2},"end":{"line":55,"column":3}},"13":{"start":{"line":29,"column":27},"end":{"line":43,"column":11}},"14":{"start":{"line":30,"column":12},"end":{"line":32,"column":13}},"15":{"start":{"line":31,"column":14},"end":{"line":31,"column":24}},"16":{"start":{"line":33,"column":12},"end":{"line":35,"column":13}},"17":{"start":{"line":34,"column":14},"end":{"line":34,"column":23}},"18":{"start":{"line":36,"column":12},"end":{"line":38,"column":13}},"19":{"start":{"line":37,"column":14},"end":{"line":37,"column":23}},"20":{"start":{"line":39,"column":12},"end":{"line":41,"column":13}},"21":{"start":{"line":40,"column":14},"end":{"line":40,"column":23}},"22":{"start":{"line":42,"column":12},"end":{"line":42,"column":20}},"23":{"start":{"line":44,"column":24},"end":{"line":49,"column":11}},"24":{"start":{"line":50,"column":10},"end":{"line":52,"column":13}}},"fnMap":{"0":{"name":"StarRatings","decl":{"start":{"line":4,"column":24},"end":{"line":4,"column":35}},"loc":{"start":{"line":4,"column":56},"end":{"line":56,"column":1}},"line":4},"1":{"name":"(anonymous_1)","decl":{"start":{"line":7,"column":12},"end":{"line":7,"column":13}},"loc":{"start":{"line":7,"column":18},"end":{"line":22,"column":3}},"line":7},"2":{"name":"(anonymous_2)","decl":{"start":{"line":13,"column":12},"end":{"line":13,"column":13}},"loc":{"start":{"line":13,"column":22},"end":{"line":19,"column":7}},"line":13},"3":{"name":"(anonymous_3)","decl":{"start":{"line":20,"column":13},"end":{"line":20,"column":14}},"loc":{"start":{"line":20,"column":20},"end":{"line":20,"column":38}},"line":20},"4":{"name":"(anonymous_4)","decl":{"start":{"line":28,"column":26},"end":{"line":28,"column":27}},"loc":{"start":{"line":28,"column":39},"end":{"line":53,"column":9}},"line":28},"5":{"name":"(anonymous_5)","decl":{"start":{"line":29,"column":27},"end":{"line":29,"column":28}},"loc":{"start":{"line":29,"column":33},"end":{"line":43,"column":11}},"line":29}},"branchMap":{"0":{"loc":{"start":{"line":5,"column":39},"end":{"line":5,"column":57}},"type":"binary-expr","locations":[{"start":{"line":5,"column":39},"end":{"line":5,"column":49}},{"start":{"line":5,"column":53},"end":{"line":5,"column":57}}],"line":5},"1":{"loc":{"start":{"line":8,"column":4},"end":{"line":21,"column":5}},"type":"if","locations":[{"start":{"line":8,"column":4},"end":{"line":21,"column":5}},{"start":{"line":10,"column":11},"end":{"line":21,"column":5}}],"line":8},"2":{"loc":{"start":{"line":27,"column":7},"end":{"line":53,"column":17}},"type":"cond-expr","locations":[{"start":{"line":28,"column":8},"end":{"line":53,"column":10}},{"start":{"line":53,"column":13},"end":{"line":53,"column":17}}],"line":27},"3":{"loc":{"start":{"line":30,"column":12},"end":{"line":32,"column":13}},"type":"if","locations":[{"start":{"line":30,"column":12},"end":{"line":32,"column":13}},{"start":{},"end":{}}],"line":30},"4":{"loc":{"start":{"line":33,"column":12},"end":{"line":35,"column":13}},"type":"if","locations":[{"start":{"line":33,"column":12},"end":{"line":35,"column":13}},{"start":{},"end":{}}],"line":33},"5":{"loc":{"start":{"line":36,"column":12},"end":{"line":38,"column":13}},"type":"if","locations":[{"start":{"line":36,"column":12},"end":{"line":38,"column":13}},{"start":{},"end":{}}],"line":36},"6":{"loc":{"start":{"line":39,"column":12},"end":{"line":41,"column":13}},"type":"if","locations":[{"start":{"line":39,"column":12},"end":{"line":41,"column":13}},{"start":{},"end":{}}],"line":39}},"s":{"0":0,"1":0,"2":0,"3":0,"4":0,"5":0,"6":0,"7":0,"8":0,"9":0,"10":0,"11":0,"12":0,"13":0,"14":0,"15":0,"16":0,"17":0,"18":0,"19":0,"20":0,"21":0,"22":0,"23":0,"24":0},"f":{"0":0,"1":0,"2":0,"3":0,"4":0,"5":0},"b":{"0":[0,0],"1":[0,0],"2":[0,0],"3":[0,0],"4":[0,0],"5":[0,0],"6":[0,0]},"_coverageSchema":"1a1c01bbd47fc00a2c39e90264f33305004495a9","hash":"aa8b77a9d1389393bc9acbfa2716c44e81547a48"}
,"/Users/soph/Desktop/Frontend-Capstone-Ecommerce/client/src/components/TrackClickContext.jsx": {"path":"/Users/soph/Desktop/Frontend-Capstone-Ecommerce/client/src/components/TrackClickContext.jsx","statementMap":{"0":{"start":{"line":4,"column":26},"end":{"line":4,"column":47}},"1":{"start":{"line":7,"column":2},"end":{"line":7,"column":39}},"2":{"start":{"line":11,"column":32},"end":{"line":11,"column":44}},"3":{"start":{"line":16,"column":18},"end":{"line":20,"column":5}},"4":{"start":{"line":21,"column":4},"end":{"line":21,"column":35}},"5":{"start":{"line":24,"column":2},"end":{"line":28,"column":3}}},"fnMap":{"0":{"name":"useTracker","decl":{"start":{"line":6,"column":16},"end":{"line":6,"column":26}},"loc":{"start":{"line":6,"column":29},"end":{"line":8,"column":1}},"line":6},"1":{"name":"TrackProvider","decl":{"start":{"line":10,"column":16},"end":{"line":10,"column":29}},"loc":{"start":{"line":10,"column":42},"end":{"line":29,"column":1}},"line":10},"2":{"name":"trackClick","decl":{"start":{"line":15,"column":11},"end":{"line":15,"column":21}},"loc":{"start":{"line":15,"column":33},"end":{"line":22,"column":3}},"line":15}},"branchMap":{},"s":{"0":1,"1":0,"2":0,"3":0,"4":0,"5":0},"f":{"0":0,"1":0,"2":0},"b":{},"_coverageSchema":"1a1c01bbd47fc00a2c39e90264f33305004495a9","hash":"595342ce25bfa5eb6a9cebdf7a95bac968928257"}
,"/Users/soph/Desktop/Frontend-Capstone-Ecommerce/client/src/components/footer/index.jsx": {"path":"/Users/soph/Desktop/Frontend-Capstone-Ecommerce/client/src/components/footer/index.jsx","statementMap":{"0":{"start":{"line":6,"column":2},"end":{"line":10,"column":3}}},"fnMap":{"0":{"name":"Footer","decl":{"start":{"line":3,"column":24},"end":{"line":3,"column":30}},"loc":{"start":{"line":3,"column":33},"end":{"line":11,"column":1}},"line":3}},"branchMap":{},"s":{"0":0},"f":{"0":0},"b":{},"_coverageSchema":"1a1c01bbd47fc00a2c39e90264f33305004495a9","hash":"9127a8c4587492561eb2bbaf5dd8c258a015c17f"}
,"/Users/soph/Desktop/Frontend-Capstone-Ecommerce/client/src/components/header/index.jsx": {"path":"/Users/soph/Desktop/Frontend-Capstone-Ecommerce/client/src/components/header/index.jsx","statementMap":{"0":{"start":{"line":12,"column":4},"end":{"line":12,"column":77}},"1":{"start":{"line":15,"column":2},"end":{"line":46,"column":3}},"2":{"start":{"line":31,"column":59},"end":{"line":31,"column":69}}},"fnMap":{"0":{"name":"Header","decl":{"start":{"line":8,"column":24},"end":{"line":8,"column":30}},"loc":{"start":{"line":8,"column":44},"end":{"line":47,"column":1}},"line":8},"1":{"name":"showCart","decl":{"start":{"line":11,"column":11},"end":{"line":11,"column":19}},"loc":{"start":{"line":11,"column":22},"end":{"line":13,"column":3}},"line":11},"2":{"name":"(anonymous_2)","decl":{"start":{"line":31,"column":53},"end":{"line":31,"column":54}},"loc":{"start":{"line":31,"column":59},"end":{"line":31,"column":69}},"line":31}},"branchMap":{},"s":{"0":0,"1":0,"2":0},"f":{"0":0,"1":0,"2":0},"b":{},"_coverageSchema":"1a1c01bbd47fc00a2c39e90264f33305004495a9","hash":"53fac3c75c54619a2a871ce7d145e030ff478695"}
,"/Users/soph/Desktop/Frontend-Capstone-Ecommerce/client/src/components/header/components/Announcements.jsx": {"path":"/Users/soph/Desktop/Frontend-Capstone-Ecommerce/client/src/components/header/components/Announcements.jsx","statementMap":{"0":{"start":{"line":5,"column":2},"end":{"line":9,"column":3}}},"fnMap":{"0":{"name":"Announcements","decl":{"start":{"line":3,"column":24},"end":{"line":3,"column":37}},"loc":{"start":{"line":3,"column":40},"end":{"line":10,"column":1}},"line":3}},"branchMap":{},"s":{"0":0},"f":{"0":0},"b":{},"_coverageSchema":"1a1c01bbd47fc00a2c39e90264f33305004495a9","hash":"16fd2ba5fb7ac2e6227edefcdf3b3b800a63f67f"}
,"/Users/soph/Desktop/Frontend-Capstone-Ecommerce/client/src/components/header/components/Cart.jsx": {"path":"/Users/soph/Desktop/Frontend-Capstone-Ecommerce/client/src/components/header/components/Cart.jsx","statementMap":{"0":{"start":{"line":5,"column":26},"end":{"line":5,"column":40}},"1":{"start":{"line":6,"column":38},"end":{"line":6,"column":53}},"2":{"start":{"line":7,"column":34},"end":{"line":7,"column":49}},"3":{"start":{"line":10,"column":2},"end":{"line":13,"column":17}},"4":{"start":{"line":11,"column":4},"end":{"line":12,"column":37}},"5":{"start":{"line":12,"column":19},"end":{"line":12,"column":36}},"6":{"start":{"line":17,"column":4},"end":{"line":17,"column":76}},"7":{"start":{"line":20,"column":2},"end":{"line":37,"column":3}},"8":{"start":{"line":21,"column":52},"end":{"line":21,"column":63}},"9":{"start":{"line":28,"column":78},"end":{"line":28,"column":101}},"10":{"start":{"line":28,"column":101},"end":{"line":28,"column":127}}},"fnMap":{"0":{"name":"Cart","decl":{"start":{"line":4,"column":24},"end":{"line":4,"column":28}},"loc":{"start":{"line":4,"column":42},"end":{"line":38,"column":1}},"line":4},"1":{"name":"(anonymous_1)","decl":{"start":{"line":10,"column":12},"end":{"line":10,"column":13}},"loc":{"start":{"line":10,"column":18},"end":{"line":13,"column":3}},"line":10},"2":{"name":"(anonymous_2)","decl":{"start":{"line":12,"column":12},"end":{"line":12,"column":13}},"loc":{"start":{"line":12,"column":19},"end":{"line":12,"column":36}},"line":12},"3":{"name":"closeCart","decl":{"start":{"line":16,"column":11},"end":{"line":16,"column":20}},"loc":{"start":{"line":16,"column":23},"end":{"line":18,"column":3}},"line":16},"4":{"name":"(anonymous_4)","decl":{"start":{"line":21,"column":46},"end":{"line":21,"column":47}},"loc":{"start":{"line":21,"column":52},"end":{"line":21,"column":63}},"line":21},"5":{"name":"(anonymous_5)","decl":{"start":{"line":28,"column":73},"end":{"line":28,"column":74}},"loc":{"start":{"line":28,"column":77},"end":{"line":28,"column":128}},"line":28}},"branchMap":{"0":{"loc":{"start":{"line":26,"column":38},"end":{"line":26,"column":76}},"type":"cond-expr","locations":[{"start":{"line":26,"column":49},"end":{"line":26,"column":69}},{"start":{"line":26,"column":72},"end":{"line":26,"column":76}}],"line":26}},"s":{"0":1,"1":1,"2":1,"3":1,"4":1,"5":1,"6":0,"7":1,"8":0,"9":0,"10":0},"f":{"0":1,"1":1,"2":1,"3":0,"4":0,"5":0},"b":{"0":[0,1]},"_coverageSchema":"1a1c01bbd47fc00a2c39e90264f33305004495a9","hash":"6913ae5f41042ffa4148d833f9ab2bb0f905bb22"}
,"/Users/soph/Desktop/Frontend-Capstone-Ecommerce/client/src/components/header/components/Search.jsx": {"path":"/Users/soph/Desktop/Frontend-Capstone-Ecommerce/client/src/components/header/components/Search.jsx","statementMap":{"0":{"start":{"line":6,"column":2},"end":{"line":13,"column":3}}},"fnMap":{"0":{"name":"Search","decl":{"start":{"line":4,"column":24},"end":{"line":4,"column":30}},"loc":{"start":{"line":4,"column":44},"end":{"line":14,"column":1}},"line":4}},"branchMap":{},"s":{"0":0},"f":{"0":0},"b":{},"_coverageSchema":"1a1c01bbd47fc00a2c39e90264f33305004495a9","hash":"75af15090baf2d6d37bbb9777327a23bdf0c26fe"}
,"/Users/soph/Desktop/Frontend-Capstone-Ecommerce/client/src/components/overview/index.jsx": {"path":"/Users/soph/Desktop/Frontend-Capstone-Ecommerce/client/src/components/overview/index.jsx","statementMap":{"0":{"start":{"line":11,"column":23},"end":{"line":11,"column":35}},"1":{"start":{"line":12,"column":30},"end":{"line":12,"column":42}},"2":{"start":{"line":13,"column":28},"end":{"line":13,"column":40}},"3":{"start":{"line":14,"column":30},"end":{"line":14,"column":42}},"4":{"start":{"line":15,"column":28},"end":{"line":15,"column":40}},"5":{"start":{"line":18,"column":2},"end":{"line":27,"column":14}},"6":{"start":{"line":19,"column":4},"end":{"line":26,"column":6}},"7":{"start":{"line":21,"column":6},"end":{"line":21,"column":25}},"8":{"start":{"line":22,"column":6},"end":{"line":22,"column":36}},"9":{"start":{"line":23,"column":6},"end":{"line":23,"column":38}},"10":{"start":{"line":24,"column":6},"end":{"line":24,"column":46}},"11":{"start":{"line":25,"column":6},"end":{"line":25,"column":48}},"12":{"start":{"line":29,"column":17},"end":{"line":31,"column":3}},"13":{"start":{"line":30,"column":4},"end":{"line":30,"column":102}},"14":{"start":{"line":33,"column":2},"end":{"line":79,"column":3}},"15":{"start":{"line":34,"column":24},"end":{"line":34,"column":51}},"16":{"start":{"line":53,"column":64},"end":{"line":53,"column":72}}},"fnMap":{"0":{"name":"Overview","decl":{"start":{"line":10,"column":24},"end":{"line":10,"column":32}},"loc":{"start":{"line":10,"column":64},"end":{"line":80,"column":1}},"line":10},"1":{"name":"(anonymous_1)","decl":{"start":{"line":18,"column":12},"end":{"line":18,"column":13}},"loc":{"start":{"line":18,"column":18},"end":{"line":27,"column":3}},"line":18},"2":{"name":"(anonymous_2)","decl":{"start":{"line":20,"column":10},"end":{"line":20,"column":11}},"loc":{"start":{"line":20,"column":20},"end":{"line":26,"column":5}},"line":20},"3":{"name":"(anonymous_3)","decl":{"start":{"line":29,"column":17},"end":{"line":29,"column":18}},"loc":{"start":{"line":29,"column":23},"end":{"line":31,"column":3}},"line":29},"4":{"name":"(anonymous_4)","decl":{"start":{"line":34,"column":18},"end":{"line":34,"column":19}},"loc":{"start":{"line":34,"column":23},"end":{"line":34,"column":52}},"line":34},"5":{"name":"(anonymous_5)","decl":{"start":{"line":53,"column":61},"end":{"line":53,"column":62}},"loc":{"start":{"line":53,"column":64},"end":{"line":53,"column":72}},"line":53}},"branchMap":{"0":{"loc":{"start":{"line":37,"column":9},"end":{"line":39,"column":14}},"type":"cond-expr","locations":[{"start":{"line":38,"column":10},"end":{"line":38,"column":106}},{"start":{"line":39,"column":10},"end":{"line":39,"column":14}}],"line":37},"1":{"loc":{"start":{"line":37,"column":9},"end":{"line":37,"column":57}},"type":"binary-expr","locations":[{"start":{"line":37,"column":9},"end":{"line":37,"column":38}},{"start":{"line":37,"column":42},"end":{"line":37,"column":57}}],"line":37},"2":{"loc":{"start":{"line":52,"column":13},"end":{"line":54,"column":18}},"type":"cond-expr","locations":[{"start":{"line":53,"column":14},"end":{"line":53,"column":111}},{"start":{"line":54,"column":14},"end":{"line":54,"column":18}}],"line":52},"3":{"loc":{"start":{"line":65,"column":13},"end":{"line":65,"column":176}},"type":"cond-expr","locations":[{"start":{"line":65,"column":62},"end":{"line":65,"column":161}},{"start":{"line":65,"column":164},"end":{"line":65,"column":176}}],"line":65},"4":{"loc":{"start":{"line":65,"column":13},"end":{"line":65,"column":59}},"type":"binary-expr","locations":[{"start":{"line":65,"column":13},"end":{"line":65,"column":25}},{"start":{"line":65,"column":29},"end":{"line":65,"column":59}}],"line":65},"5":{"loc":{"start":{"line":69,"column":32},"end":{"line":69,"column":259}},"type":"cond-expr","locations":[{"start":{"line":69,"column":52},"end":{"line":69,"column":227}},{"start":{"line":69,"column":231},"end":{"line":69,"column":259}}],"line":69}},"s":{"0":0,"1":0,"2":0,"3":0,"4":0,"5":0,"6":0,"7":0,"8":0,"9":0,"10":0,"11":0,"12":0,"13":0,"14":0,"15":0,"16":0},"f":{"0":0,"1":0,"2":0,"3":0,"4":0,"5":0},"b":{"0":[0,0],"1":[0,0],"2":[0,0],"3":[0,0],"4":[0,0],"5":[0,0]},"_coverageSchema":"1a1c01bbd47fc00a2c39e90264f33305004495a9","hash":"de39fa6a62afc0bc5ab367e04fdb60deb487c218"}
,"/Users/soph/Desktop/Frontend-Capstone-Ecommerce/client/src/components/overview/components/Description.jsx": {"path":"/Users/soph/Desktop/Frontend-Capstone-Ecommerce/client/src/components/overview/components/Description.jsx","statementMap":{"0":{"start":{"line":4,"column":2},"end":{"line":15,"column":3}},"1":{"start":{"line":12,"column":55},"end":{"line":12,"column":172}}},"fnMap":{"0":{"name":"Description","decl":{"start":{"line":3,"column":24},"end":{"line":3,"column":35}},"loc":{"start":{"line":3,"column":49},"end":{"line":16,"column":1}},"line":3},"1":{"name":"(anonymous_1)","decl":{"start":{"line":12,"column":48},"end":{"line":12,"column":49}},"loc":{"start":{"line":12,"column":55},"end":{"line":12,"column":172}},"line":12}},"branchMap":{"0":{"loc":{"start":{"line":12,"column":8},"end":{"line":12,"column":186}},"type":"cond-expr","locations":[{"start":{"line":12,"column":27},"end":{"line":12,"column":173}},{"start":{"line":12,"column":176},"end":{"line":12,"column":186}}],"line":12},"1":{"loc":{"start":{"line":12,"column":126},"end":{"line":12,"column":155}},"type":"cond-expr","locations":[{"start":{"line":12,"column":145},"end":{"line":12,"column":148}},{"start":{"line":12,"column":151},"end":{"line":12,"column":155}}],"line":12}},"s":{"0":0,"1":0},"f":{"0":0,"1":0},"b":{"0":[0,0],"1":[0,0]},"_coverageSchema":"1a1c01bbd47fc00a2c39e90264f33305004495a9","hash":"d7d14ad921ed235a04246f87c51df2826e187d64"}
,"/Users/soph/Desktop/Frontend-Capstone-Ecommerce/client/src/components/overview/components/gallery/Carousel.jsx": {"path":"/Users/soph/Desktop/Frontend-Capstone-Ecommerce/client/src/components/overview/components/gallery/Carousel.jsx","statementMap":{"0":{"start":{"line":5,"column":32},"end":{"line":5,"column":47}},"1":{"start":{"line":6,"column":17},"end":{"line":6,"column":30}},"2":{"start":{"line":9,"column":4},"end":{"line":9,"column":25}},"3":{"start":{"line":10,"column":4},"end":{"line":10,"column":31}},"4":{"start":{"line":14,"column":4},"end":{"line":14,"column":25}},"5":{"start":{"line":15,"column":4},"end":{"line":15,"column":31}},"6":{"start":{"line":18,"column":2},"end":{"line":20,"column":13}},"7":{"start":{"line":19,"column":4},"end":{"line":19,"column":21}},"8":{"start":{"line":22,"column":2},"end":{"line":36,"column":4}},"9":{"start":{"line":30,"column":23},"end":{"line":30,"column":46}},"10":{"start":{"line":30,"column":39},"end":{"line":30,"column":44}},"11":{"start":{"line":30,"column":46},"end":{"line":30,"column":59}},"12":{"start":{"line":33,"column":95},"end":{"line":33,"column":118}},"13":{"start":{"line":33,"column":111},"end":{"line":33,"column":116}},"14":{"start":{"line":33,"column":118},"end":{"line":33,"column":131}}},"fnMap":{"0":{"name":"Carousel","decl":{"start":{"line":4,"column":24},"end":{"line":4,"column":32}},"loc":{"start":{"line":4,"column":96},"end":{"line":37,"column":1}},"line":4},"1":{"name":"next","decl":{"start":{"line":8,"column":11},"end":{"line":8,"column":15}},"loc":{"start":{"line":8,"column":17},"end":{"line":11,"column":3}},"line":8},"2":{"name":"prev","decl":{"start":{"line":13,"column":11},"end":{"line":13,"column":15}},"loc":{"start":{"line":13,"column":17},"end":{"line":16,"column":3}},"line":13},"3":{"name":"(anonymous_3)","decl":{"start":{"line":18,"column":12},"end":{"line":18,"column":13}},"loc":{"start":{"line":18,"column":18},"end":{"line":20,"column":3}},"line":18},"4":{"name":"(anonymous_4)","decl":{"start":{"line":30,"column":19},"end":{"line":30,"column":20}},"loc":{"start":{"line":30,"column":22},"end":{"line":30,"column":60}},"line":30},"5":{"name":"(anonymous_5)","decl":{"start":{"line":30,"column":33},"end":{"line":30,"column":34}},"loc":{"start":{"line":30,"column":39},"end":{"line":30,"column":44}},"line":30},"6":{"name":"(anonymous_6)","decl":{"start":{"line":33,"column":91},"end":{"line":33,"column":92}},"loc":{"start":{"line":33,"column":94},"end":{"line":33,"column":132}},"line":33},"7":{"name":"(anonymous_7)","decl":{"start":{"line":33,"column":105},"end":{"line":33,"column":106}},"loc":{"start":{"line":33,"column":111},"end":{"line":33,"column":116}},"line":33}},"branchMap":{"0":{"loc":{"start":{"line":24,"column":7},"end":{"line":24,"column":116}},"type":"cond-expr","locations":[{"start":{"line":24,"column":21},"end":{"line":24,"column":74}},{"start":{"line":24,"column":77},"end":{"line":24,"column":116}}],"line":24},"1":{"loc":{"start":{"line":25,"column":7},"end":{"line":25,"column":124}},"type":"cond-expr","locations":[{"start":{"line":25,"column":27},"end":{"line":25,"column":82}},{"start":{"line":25,"column":84},"end":{"line":25,"column":124}}],"line":25},"2":{"loc":{"start":{"line":26,"column":7},"end":{"line":33,"column":135}},"type":"cond-expr","locations":[{"start":{"line":27,"column":8},"end":{"line":31,"column":38}},{"start":{"line":33,"column":8},"end":{"line":33,"column":135}}],"line":26}},"s":{"0":0,"1":0,"2":0,"3":0,"4":0,"5":0,"6":0,"7":0,"8":0,"9":0,"10":0,"11":0,"12":0,"13":0,"14":0},"f":{"0":0,"1":0,"2":0,"3":0,"4":0,"5":0,"6":0,"7":0},"b":{"0":[0,0],"1":[0,0],"2":[0,0]},"_coverageSchema":"1a1c01bbd47fc00a2c39e90264f33305004495a9","hash":"cea0c656c852081985b5bf832570eacb60585903"}
,"/Users/soph/Desktop/Frontend-Capstone-Ecommerce/client/src/components/overview/components/gallery/Gallery.jsx": {"path":"/Users/soph/Desktop/Frontend-Capstone-Ecommerce/client/src/components/overview/components/gallery/Gallery.jsx","statementMap":{"0":{"start":{"line":7,"column":14},"end":{"line":7,"column":22}},"1":{"start":{"line":8,"column":2},"end":{"line":10,"column":13}},"2":{"start":{"line":9,"column":4},"end":{"line":9,"column":24}},"3":{"start":{"line":11,"column":2},"end":{"line":11,"column":21}},"4":{"start":{"line":15,"column":28},"end":{"line":15,"column":39}},"5":{"start":{"line":16,"column":22},"end":{"line":16,"column":37}},"6":{"start":{"line":17,"column":30},"end":{"line":17,"column":44}},"7":{"start":{"line":18,"column":20},"end":{"line":18,"column":38}},"8":{"start":{"line":20,"column":2},"end":{"line":25,"column":12}},"9":{"start":{"line":22,"column":4},"end":{"line":22,"column":27}},"10":{"start":{"line":23,"column":4},"end":{"line":23,"column":29}},"11":{"start":{"line":24,"column":4},"end":{"line":24,"column":39}},"12":{"start":{"line":24,"column":27},"end":{"line":24,"column":38}},"13":{"start":{"line":29,"column":28},"end":{"line":29,"column":50}},"14":{"start":{"line":30,"column":4},"end":{"line":30,"column":22}},"15":{"start":{"line":31,"column":4},"end":{"line":31,"column":19}},"16":{"start":{"line":36,"column":4},"end":{"line":36,"column":102}},"17":{"start":{"line":36,"column":39},"end":{"line":36,"column":61}},"18":{"start":{"line":36,"column":79},"end":{"line":36,"column":101}},"19":{"start":{"line":41,"column":4},"end":{"line":52,"column":5}},"20":{"start":{"line":42,"column":6},"end":{"line":42,"column":73}},"21":{"start":{"line":43,"column":6},"end":{"line":43,"column":66}},"22":{"start":{"line":44,"column":6},"end":{"line":44,"column":63}},"23":{"start":{"line":45,"column":6},"end":{"line":45,"column":82}},"24":{"start":{"line":48,"column":6},"end":{"line":48,"column":74}},"25":{"start":{"line":49,"column":6},"end":{"line":49,"column":67}},"26":{"start":{"line":50,"column":6},"end":{"line":50,"column":64}},"27":{"start":{"line":55,"column":2},"end":{"line":92,"column":3}},"28":{"start":{"line":63,"column":86},"end":{"line":63,"column":98}},"29":{"start":{"line":64,"column":60},"end":{"line":64,"column":168}},"30":{"start":{"line":64,"column":136},"end":{"line":64,"column":159}},"31":{"start":{"line":65,"column":100},"end":{"line":65,"column":114}},"32":{"start":{"line":68,"column":59},"end":{"line":68,"column":212}},"33":{"start":{"line":68,"column":161},"end":{"line":68,"column":180}},"34":{"start":{"line":68,"column":180},"end":{"line":68,"column":203}},"35":{"start":{"line":80,"column":63},"end":{"line":80,"column":86}},"36":{"start":{"line":80,"column":79},"end":{"line":80,"column":84}},"37":{"start":{"line":80,"column":86},"end":{"line":80,"column":99}},"38":{"start":{"line":86,"column":85},"end":{"line":86,"column":108}},"39":{"start":{"line":86,"column":101},"end":{"line":86,"column":106}},"40":{"start":{"line":86,"column":108},"end":{"line":86,"column":121}}},"fnMap":{"0":{"name":"usePrevious","decl":{"start":{"line":6,"column":9},"end":{"line":6,"column":20}},"loc":{"start":{"line":6,"column":28},"end":{"line":12,"column":1}},"line":6},"1":{"name":"(anonymous_1)","decl":{"start":{"line":8,"column":12},"end":{"line":8,"column":13}},"loc":{"start":{"line":8,"column":18},"end":{"line":10,"column":3}},"line":8},"2":{"name":"Gallery","decl":{"start":{"line":14,"column":24},"end":{"line":14,"column":31}},"loc":{"start":{"line":14,"column":79},"end":{"line":93,"column":1}},"line":14},"3":{"name":"(anonymous_3)","decl":{"start":{"line":20,"column":12},"end":{"line":20,"column":13}},"loc":{"start":{"line":20,"column":18},"end":{"line":25,"column":3}},"line":20},"4":{"name":"changePhoto","decl":{"start":{"line":28,"column":11},"end":{"line":28,"column":22}},"loc":{"start":{"line":28,"column":30},"end":{"line":32,"column":3}},"line":28},"5":{"name":"scroll","decl":{"start":{"line":35,"column":11},"end":{"line":35,"column":17}},"loc":{"start":{"line":35,"column":28},"end":{"line":37,"column":3}},"line":35},"6":{"name":"(anonymous_6)","decl":{"start":{"line":36,"column":31},"end":{"line":36,"column":32}},"loc":{"start":{"line":36,"column":39},"end":{"line":36,"column":61}},"line":36},"7":{"name":"(anonymous_7)","decl":{"start":{"line":36,"column":71},"end":{"line":36,"column":72}},"loc":{"start":{"line":36,"column":79},"end":{"line":36,"column":101}},"line":36},"8":{"name":"expandPhoto","decl":{"start":{"line":40,"column":11},"end":{"line":40,"column":22}},"loc":{"start":{"line":40,"column":28},"end":{"line":53,"column":3}},"line":40},"9":{"name":"(anonymous_9)","decl":{"start":{"line":63,"column":83},"end":{"line":63,"column":84}},"loc":{"start":{"line":63,"column":86},"end":{"line":63,"column":98}},"line":63},"10":{"name":"(anonymous_10)","decl":{"start":{"line":64,"column":46},"end":{"line":64,"column":47}},"loc":{"start":{"line":64,"column":60},"end":{"line":64,"column":168}},"line":64},"11":{"name":"(anonymous_11)","decl":{"start":{"line":64,"column":132},"end":{"line":64,"column":133}},"loc":{"start":{"line":64,"column":135},"end":{"line":64,"column":160}},"line":64},"12":{"name":"(anonymous_12)","decl":{"start":{"line":65,"column":97},"end":{"line":65,"column":98}},"loc":{"start":{"line":65,"column":100},"end":{"line":65,"column":114}},"line":65},"13":{"name":"(anonymous_13)","decl":{"start":{"line":68,"column":45},"end":{"line":68,"column":46}},"loc":{"start":{"line":68,"column":59},"end":{"line":68,"column":212}},"line":68},"14":{"name":"(anonymous_14)","decl":{"start":{"line":68,"column":157},"end":{"line":68,"column":158}},"loc":{"start":{"line":68,"column":160},"end":{"line":68,"column":204}},"line":68},"15":{"name":"(anonymous_15)","decl":{"start":{"line":80,"column":59},"end":{"line":80,"column":60}},"loc":{"start":{"line":80,"column":62},"end":{"line":80,"column":100}},"line":80},"16":{"name":"(anonymous_16)","decl":{"start":{"line":80,"column":73},"end":{"line":80,"column":74}},"loc":{"start":{"line":80,"column":79},"end":{"line":80,"column":84}},"line":80},"17":{"name":"(anonymous_17)","decl":{"start":{"line":86,"column":81},"end":{"line":86,"column":82}},"loc":{"start":{"line":86,"column":84},"end":{"line":86,"column":122}},"line":86},"18":{"name":"(anonymous_18)","decl":{"start":{"line":86,"column":95},"end":{"line":86,"column":96}},"loc":{"start":{"line":86,"column":101},"end":{"line":86,"column":106}},"line":86}},"branchMap":{"0":{"loc":{"start":{"line":24,"column":4},"end":{"line":24,"column":39}},"type":"if","locations":[{"start":{"line":24,"column":4},"end":{"line":24,"column":39}},{"start":{},"end":{}}],"line":24},"1":{"loc":{"start":{"line":36,"column":4},"end":{"line":36,"column":102}},"type":"cond-expr","locations":[{"start":{"line":36,"column":25},"end":{"line":36,"column":62}},{"start":{"line":36,"column":65},"end":{"line":36,"column":102}}],"line":36},"2":{"loc":{"start":{"line":41,"column":4},"end":{"line":52,"column":5}},"type":"if","locations":[{"start":{"line":41,"column":4},"end":{"line":52,"column":5}},{"start":{"line":47,"column":11},"end":{"line":52,"column":5}}],"line":41},"3":{"loc":{"start":{"line":41,"column":7},"end":{"line":41,"column":45}},"type":"binary-expr","locations":[{"start":{"line":41,"column":7},"end":{"line":41,"column":22}},{"start":{"line":41,"column":26},"end":{"line":41,"column":45}}],"line":41},"4":{"loc":{"start":{"line":59,"column":9},"end":{"line":70,"column":24}},"type":"cond-expr","locations":[{"start":{"line":60,"column":11},"end":{"line":70,"column":16}},{"start":{"line":70,"column":20},"end":{"line":70,"column":24}}],"line":59},"5":{"loc":{"start":{"line":61,"column":13},"end":{"line":68,"column":213}},"type":"cond-expr","locations":[{"start":{"line":62,"column":14},"end":{"line":66,"column":17}},{"start":{"line":68,"column":14},"end":{"line":68,"column":213}}],"line":61},"6":{"loc":{"start":{"line":63,"column":15},"end":{"line":63,"column":127}},"type":"cond-expr","locations":[{"start":{"line":63,"column":29},"end":{"line":63,"column":33}},{"start":{"line":63,"column":36},"end":{"line":63,"column":127}}],"line":63},"7":{"loc":{"start":{"line":65,"column":15},"end":{"line":65,"column":143}},"type":"cond-expr","locations":[{"start":{"line":65,"column":41},"end":{"line":65,"column":45}},{"start":{"line":65,"column":48},"end":{"line":65,"column":143}}],"line":65},"8":{"loc":{"start":{"line":68,"column":80},"end":{"line":68,"column":146}},"type":"binary-expr","locations":[{"start":{"line":68,"column":80},"end":{"line":68,"column":99}},{"start":{"line":68,"column":103},"end":{"line":68,"column":146}}],"line":68},"9":{"loc":{"start":{"line":75,"column":9},"end":{"line":89,"column":14}},"type":"cond-expr","locations":[{"start":{"line":76,"column":10},"end":{"line":87,"column":15}},{"start":{"line":89,"column":10},"end":{"line":89,"column":14}}],"line":75},"10":{"loc":{"start":{"line":76,"column":10},"end":{"line":87,"column":15}},"type":"cond-expr","locations":[{"start":{"line":78,"column":12},"end":{"line":81,"column":15}},{"start":{"line":84,"column":12},"end":{"line":87,"column":15}}],"line":76},"11":{"loc":{"start":{"line":76,"column":10},"end":{"line":76,"column":40}},"type":"binary-expr","locations":[{"start":{"line":76,"column":10},"end":{"line":76,"column":17}},{"start":{"line":76,"column":21},"end":{"line":76,"column":40}}],"line":76},"12":{"loc":{"start":{"line":86,"column":15},"end":{"line":86,"column":132}},"type":"cond-expr","locations":[{"start":{"line":86,"column":37},"end":{"line":86,"column":125}},{"start":{"line":86,"column":128},"end":{"line":86,"column":132}}],"line":86}},"s":{"0":0,"1":0,"2":0,"3":0,"4":0,"5":0,"6":0,"7":0,"8":0,"9":0,"10":0,"11":0,"12":0,"13":0,"14":0,"15":0,"16":0,"17":0,"18":0,"19":0,"20":0,"21":0,"22":0,"23":0,"24":0,"25":0,"26":0,"27":0,"28":0,"29":0,"30":0,"31":0,"32":0,"33":0,"34":0,"35":0,"36":0,"37":0,"38":0,"39":0,"40":0},"f":{"0":0,"1":0,"2":0,"3":0,"4":0,"5":0,"6":0,"7":0,"8":0,"9":0,"10":0,"11":0,"12":0,"13":0,"14":0,"15":0,"16":0,"17":0,"18":0},"b":{"0":[0,0],"1":[0,0],"2":[0,0],"3":[0,0],"4":[0,0],"5":[0,0],"6":[0,0],"7":[0,0],"8":[0,0],"9":[0,0],"10":[0,0],"11":[0,0],"12":[0,0]},"_coverageSchema":"1a1c01bbd47fc00a2c39e90264f33305004495a9","hash":"38c564faa7bbf588afc404b9d7820e92f0eb947c"}
,"/Users/soph/Desktop/Frontend-Capstone-Ecommerce/client/src/components/overview/components/gallery/Zoom.jsx": {"path":"/Users/soph/Desktop/Frontend-Capstone-Ecommerce/client/src/components/overview/components/gallery/Zoom.jsx","statementMap":{"0":{"start":{"line":5,"column":26},"end":{"line":5,"column":42}},"1":{"start":{"line":6,"column":43},"end":{"line":6,"column":59}},"2":{"start":{"line":7,"column":44},"end":{"line":7,"column":59}},"3":{"start":{"line":9,"column":2},"end":{"line":81,"column":4}},"4":{"start":{"line":23,"column":23},"end":{"line":23,"column":38}},"5":{"start":{"line":24,"column":36},"end":{"line":24,"column":64}},"6":{"start":{"line":25,"column":10},"end":{"line":25,"column":35}},"7":{"start":{"line":26,"column":10},"end":{"line":26,"column":33}},"8":{"start":{"line":29,"column":23},"end":{"line":29,"column":38}},"9":{"start":{"line":30,"column":32},"end":{"line":30,"column":60}},"10":{"start":{"line":32,"column":20},"end":{"line":32,"column":55}},"11":{"start":{"line":33,"column":20},"end":{"line":33,"column":54}},"12":{"start":{"line":34,"column":10},"end":{"line":34,"column":24}},"13":{"start":{"line":37,"column":10},"end":{"line":37,"column":34}},"14":{"start":{"line":44,"column":21},"end":{"line":44,"column":44}},"15":{"start":{"line":44,"column":37},"end":{"line":44,"column":42}},"16":{"start":{"line":44,"column":44},"end":{"line":44,"column":57}},"17":{"start":{"line":50,"column":8},"end":{"line":52,"column":15}},"18":{"start":{"line":50,"column":59},"end":{"line":50,"column":71}},"19":{"start":{"line":50,"column":72},"end":{"line":50,"column":91}}},"fnMap":{"0":{"name":"Zoom","decl":{"start":{"line":4,"column":24},"end":{"line":4,"column":28}},"loc":{"start":{"line":4,"column":147},"end":{"line":82,"column":1}},"line":4},"1":{"name":"(anonymous_1)","decl":{"start":{"line":22,"column":22},"end":{"line":22,"column":23}},"loc":{"start":{"line":22,"column":29},"end":{"line":27,"column":9}},"line":22},"2":{"name":"(anonymous_2)","decl":{"start":{"line":28,"column":21},"end":{"line":28,"column":22}},"loc":{"start":{"line":28,"column":28},"end":{"line":35,"column":9}},"line":28},"3":{"name":"(anonymous_3)","decl":{"start":{"line":36,"column":22},"end":{"line":36,"column":23}},"loc":{"start":{"line":36,"column":28},"end":{"line":38,"column":9}},"line":36},"4":{"name":"(anonymous_4)","decl":{"start":{"line":44,"column":17},"end":{"line":44,"column":18}},"loc":{"start":{"line":44,"column":20},"end":{"line":44,"column":58}},"line":44},"5":{"name":"(anonymous_5)","decl":{"start":{"line":44,"column":31},"end":{"line":44,"column":32}},"loc":{"start":{"line":44,"column":37},"end":{"line":44,"column":42}},"line":44},"6":{"name":"(anonymous_6)","decl":{"start":{"line":49,"column":20},"end":{"line":49,"column":21}},"loc":{"start":{"line":50,"column":8},"end":{"line":52,"column":15}},"line":50},"7":{"name":"(anonymous_7)","decl":{"start":{"line":50,"column":55},"end":{"line":50,"column":56}},"loc":{"start":{"line":50,"column":58},"end":{"line":50,"column":92}},"line":50}},"branchMap":{"0":{"loc":{"start":{"line":4,"column":36},"end":{"line":4,"column":57}},"type":"default-arg","locations":[{"start":{"line":4,"column":54},"end":{"line":4,"column":57}}],"line":4},"1":{"loc":{"start":{"line":4,"column":59},"end":{"line":4,"column":78}},"type":"default-arg","locations":[{"start":{"line":4,"column":75},"end":{"line":4,"column":78}}],"line":4},"2":{"loc":{"start":{"line":4,"column":80},"end":{"line":4,"column":95}},"type":"default-arg","locations":[{"start":{"line":4,"column":92},"end":{"line":4,"column":95}}],"line":4},"3":{"loc":{"start":{"line":51,"column":10},"end":{"line":51,"column":48}},"type":"cond-expr","locations":[{"start":{"line":51,"column":21},"end":{"line":51,"column":32}},{"start":{"line":51,"column":34},"end":{"line":51,"column":48}}],"line":51},"4":{"loc":{"start":{"line":58,"column":19},"end":{"line":58,"column":46}},"type":"cond-expr","locations":[{"start":{"line":58,"column":35},"end":{"line":58,"column":37}},{"start":{"line":58,"column":40},"end":{"line":58,"column":46}}],"line":58}},"s":{"0":0,"1":0,"2":0,"3":0,"4":0,"5":0,"6":0,"7":0,"8":0,"9":0,"10":0,"11":0,"12":0,"13":0,"14":0,"15":0,"16":0,"17":0,"18":0,"19":0},"f":{"0":0,"1":0,"2":0,"3":0,"4":0,"5":0,"6":0,"7":0},"b":{"0":[0],"1":[0],"2":[0],"3":[0,0],"4":[0,0]},"_coverageSchema":"1a1c01bbd47fc00a2c39e90264f33305004495a9","hash":"120b6144b1cbf737d7df7b03bf1d9b9a9d6cc398"}
,"/Users/soph/Desktop/Frontend-Capstone-Ecommerce/client/src/components/overview/components/product-info/Cart.jsx": {"path":"/Users/soph/Desktop/Frontend-Capstone-Ecommerce/client/src/components/overview/components/product-info/Cart.jsx","statementMap":{"0":{"start":{"line":6,"column":26},"end":{"line":6,"column":38}},"1":{"start":{"line":7,"column":26},"end":{"line":7,"column":38}},"2":{"start":{"line":8,"column":24},"end":{"line":8,"column":38}},"3":{"start":{"line":9,"column":34},"end":{"line":9,"column":45}},"4":{"start":{"line":10,"column":36},"end":{"line":10,"column":47}},"5":{"start":{"line":13,"column":2},"end":{"line":17,"column":13}},"6":{"start":{"line":14,"column":4},"end":{"line":16,"column":5}},"7":{"start":{"line":15,"column":6},"end":{"line":15,"column":40}},"8":{"start":{"line":21,"column":14},"end":{"line":21,"column":74}},"9":{"start":{"line":22,"column":4},"end":{"line":22,"column":92}},"10":{"start":{"line":22,"column":29},"end":{"line":22,"column":91}},"11":{"start":{"line":23,"column":4},"end":{"line":23,"column":14}},"12":{"start":{"line":28,"column":14},"end":{"line":28,"column":16}},"13":{"start":{"line":29,"column":14},"end":{"line":29,"column":16}},"14":{"start":{"line":30,"column":4},"end":{"line":30,"column":34}},"15":{"start":{"line":30,"column":21},"end":{"line":30,"column":33}},"16":{"start":{"line":31,"column":4},"end":{"line":33,"column":5}},"17":{"start":{"line":31,"column":15},"end":{"line":31,"column":16}},"18":{"start":{"line":32,"column":6},"end":{"line":32,"column":76}},"19":{"start":{"line":34,"column":4},"end":{"line":34,"column":14}},"20":{"start":{"line":39,"column":4},"end":{"line":52,"column":5}},"21":{"start":{"line":40,"column":6},"end":{"line":40,"column":74}},"22":{"start":{"line":42,"column":6},"end":{"line":42,"column":73}},"23":{"start":{"line":43,"column":16},"end":{"line":43,"column":26}},"24":{"start":{"line":44,"column":18},"end":{"line":44,"column":20}},"25":{"start":{"line":45,"column":6},"end":{"line":49,"column":8}},"26":{"start":{"line":46,"column":8},"end":{"line":48,"column":9}},"27":{"start":{"line":47,"column":10},"end":{"line":47,"column":21}},"28":{"start":{"line":50,"column":6},"end":{"line":51,"column":62}},"29":{"start":{"line":51,"column":21},"end":{"line":51,"column":61}},"30":{"start":{"line":55,"column":2},"end":{"line":91,"column":3}},"31":{"start":{"line":64,"column":14},"end":{"line":64,"column":38}},"32":{"start":{"line":65,"column":14},"end":{"line":68,"column":16}},"33":{"start":{"line":65,"column":33},"end":{"line":65,"column":60}},"34":{"start":{"line":66,"column":16},"end":{"line":66,"column":42}},"35":{"start":{"line":67,"column":16},"end":{"line":67,"column":72}},"36":{"start":{"line":75,"column":52},"end":{"line":75,"column":90}},"37":{"start":{"line":84,"column":53},"end":{"line":84,"column":63}}},"fnMap":{"0":{"name":"Cart","decl":{"start":{"line":5,"column":24},"end":{"line":5,"column":28}},"loc":{"start":{"line":5,"column":40},"end":{"line":92,"column":1}},"line":5},"1":{"name":"(anonymous_1)","decl":{"start":{"line":13,"column":12},"end":{"line":13,"column":13}},"loc":{"start":{"line":13,"column":18},"end":{"line":17,"column":3}},"line":13},"2":{"name":"getSizes","decl":{"start":{"line":20,"column":11},"end":{"line":20,"column":19}},"loc":{"start":{"line":20,"column":22},"end":{"line":24,"column":3}},"line":20},"3":{"name":"(anonymous_3)","decl":{"start":{"line":22,"column":17},"end":{"line":22,"column":18}},"loc":{"start":{"line":22,"column":29},"end":{"line":22,"column":91}},"line":22},"4":{"name":"getOptions","decl":{"start":{"line":27,"column":11},"end":{"line":27,"column":21}},"loc":{"start":{"line":27,"column":24},"end":{"line":35,"column":3}},"line":27},"5":{"name":"postCart","decl":{"start":{"line":38,"column":11},"end":{"line":38,"column":19}},"loc":{"start":{"line":38,"column":22},"end":{"line":53,"column":3}},"line":38},"6":{"name":"(anonymous_6)","decl":{"start":{"line":45,"column":31},"end":{"line":45,"column":32}},"loc":{"start":{"line":45,"column":37},"end":{"line":49,"column":7}},"line":45},"7":{"name":"(anonymous_7)","decl":{"start":{"line":51,"column":14},"end":{"line":51,"column":15}},"loc":{"start":{"line":51,"column":21},"end":{"line":51,"column":61}},"line":51},"8":{"name":"(anonymous_8)","decl":{"start":{"line":63,"column":52},"end":{"line":63,"column":53}},"loc":{"start":{"line":63,"column":55},"end":{"line":69,"column":13}},"line":63},"9":{"name":"(anonymous_9)","decl":{"start":{"line":65,"column":26},"end":{"line":65,"column":27}},"loc":{"start":{"line":65,"column":33},"end":{"line":65,"column":60}},"line":65},"10":{"name":"(anonymous_10)","decl":{"start":{"line":65,"column":66},"end":{"line":65,"column":67}},"loc":{"start":{"line":65,"column":73},"end":{"line":68,"column":15}},"line":65},"11":{"name":"(anonymous_11)","decl":{"start":{"line":75,"column":49},"end":{"line":75,"column":50}},"loc":{"start":{"line":75,"column":52},"end":{"line":75,"column":90}},"line":75},"12":{"name":"(anonymous_12)","decl":{"start":{"line":84,"column":50},"end":{"line":84,"column":51}},"loc":{"start":{"line":84,"column":53},"end":{"line":84,"column":63}},"line":84}},"branchMap":{"0":{"loc":{"start":{"line":14,"column":4},"end":{"line":16,"column":5}},"type":"if","locations":[{"start":{"line":14,"column":4},"end":{"line":16,"column":5}},{"start":{},"end":{}}],"line":14},"1":{"loc":{"start":{"line":30,"column":4},"end":{"line":30,"column":34}},"type":"if","locations":[{"start":{"line":30,"column":4},"end":{"line":30,"column":34}},{"start":{},"end":{}}],"line":30},"2":{"loc":{"start":{"line":39,"column":4},"end":{"line":52,"column":5}},"type":"if","locations":[{"start":{"line":39,"column":4},"end":{"line":52,"column":5}},{"start":{"line":41,"column":11},"end":{"line":52,"column":5}}],"line":39},"3":{"loc":{"start":{"line":39,"column":7},"end":{"line":39,"column":34}},"type":"binary-expr","locations":[{"start":{"line":39,"column":7},"end":{"line":39,"column":16}},{"start":{"line":39,"column":18},"end":{"line":39,"column":34}}],"line":39},"4":{"loc":{"start":{"line":46,"column":8},"end":{"line":48,"column":9}},"type":"if","locations":[{"start":{"line":46,"column":8},"end":{"line":48,"column":9}},{"start":{},"end":{}}],"line":46},"5":{"loc":{"start":{"line":56,"column":4},"end":{"line":90,"column":20}},"type":"cond-expr","locations":[{"start":{"line":57,"column":6},"end":{"line":89,"column":12}},{"start":{"line":90,"column":6},"end":{"line":90,"column":20}}],"line":56},"6":{"loc":{"start":{"line":56,"column":4},"end":{"line":56,"column":37}},"type":"binary-expr","locations":[{"start":{"line":56,"column":4},"end":{"line":56,"column":17}},{"start":{"line":56,"column":21},"end":{"line":56,"column":37}}],"line":56},"7":{"loc":{"start":{"line":62,"column":9},"end":{"line":72,"column":13}},"type":"cond-expr","locations":[{"start":{"line":63,"column":10},"end":{"line":71,"column":19}},{"start":{"line":72,"column":9},"end":{"line":72,"column":13}}],"line":62},"8":{"loc":{"start":{"line":67,"column":16},"end":{"line":67,"column":72}},"type":"cond-expr","locations":[{"start":{"line":67,"column":35},"end":{"line":67,"column":57}},{"start":{"line":67,"column":60},"end":{"line":67,"column":72}}],"line":67},"9":{"loc":{"start":{"line":76,"column":13},"end":{"line":76,"column":85}},"type":"cond-expr","locations":[{"start":{"line":76,"column":42},"end":{"line":76,"column":54}},{"start":{"line":76,"column":57},"end":{"line":76,"column":85}}],"line":76},"10":{"loc":{"start":{"line":76,"column":13},"end":{"line":76,"column":39}},"type":"binary-expr","locations":[{"start":{"line":76,"column":13},"end":{"line":76,"column":21}},{"start":{"line":76,"column":23},"end":{"line":76,"column":39}}],"line":76},"11":{"loc":{"start":{"line":80,"column":9},"end":{"line":87,"column":14}},"type":"cond-expr","locations":[{"start":{"line":81,"column":10},"end":{"line":81,"column":13}},{"start":{"line":83,"column":10},"end":{"line":87,"column":14}}],"line":80}},"s":{"0":0,"1":0,"2":0,"3":0,"4":0,"5":0,"6":0,"7":0,"8":0,"9":0,"10":0,"11":0,"12":0,"13":0,"14":0,"15":0,"16":0,"17":0,"18":0,"19":0,"20":0,"21":0,"22":0,"23":0,"24":0,"25":0,"26":0,"27":0,"28":0,"29":0,"30":0,"31":0,"32":0,"33":0,"34":0,"35":0,"36":0,"37":0},"f":{"0":0,"1":0,"2":0,"3":0,"4":0,"5":0,"6":0,"7":0,"8":0,"9":0,"10":0,"11":0,"12":0},"b":{"0":[0,0],"1":[0,0],"2":[0,0],"3":[0,0],"4":[0,0],"5":[0,0],"6":[0,0],"7":[0,0],"8":[0,0],"9":[0,0],"10":[0,0],"11":[0,0]},"_coverageSchema":"1a1c01bbd47fc00a2c39e90264f33305004495a9","hash":"297f8122384bda7e1ccdc4b8e9ce8bceac5a1042"}
,"/Users/soph/Desktop/Frontend-Capstone-Ecommerce/client/src/components/overview/components/product-info/Social.jsx": {"path":"/Users/soph/Desktop/Frontend-Capstone-Ecommerce/client/src/components/overview/components/product-info/Social.jsx","statementMap":{"0":{"start":{"line":8,"column":28},"end":{"line":8,"column":43}},"1":{"start":{"line":9,"column":30},"end":{"line":9,"column":45}},"2":{"start":{"line":10,"column":16},"end":{"line":10,"column":49}},"3":{"start":{"line":13,"column":2},"end":{"line":17,"column":12}},"4":{"start":{"line":14,"column":4},"end":{"line":16,"column":5}},"5":{"start":{"line":15,"column":6},"end":{"line":15,"column":49}},"6":{"start":{"line":20,"column":4},"end":{"line":28,"column":5}},"7":{"start":{"line":21,"column":6},"end":{"line":21,"column":73}},"8":{"start":{"line":22,"column":6},"end":{"line":22,"column":63}},"9":{"start":{"line":23,"column":6},"end":{"line":23,"column":65}},"10":{"start":{"line":25,"column":6},"end":{"line":25,"column":74}},"11":{"start":{"line":26,"column":6},"end":{"line":26,"column":62}},"12":{"start":{"line":27,"column":6},"end":{"line":27,"column":65}},"13":{"start":{"line":31,"column":2},"end":{"line":64,"column":3}},"14":{"start":{"line":34,"column":43},"end":{"line":34,"column":62}},"15":{"start":{"line":34,"column":62},"end":{"line":34,"column":75}}},"fnMap":{"0":{"name":"Social","decl":{"start":{"line":7,"column":24},"end":{"line":7,"column":30}},"loc":{"start":{"line":7,"column":58},"end":{"line":65,"column":1}},"line":7},"1":{"name":"(anonymous_1)","decl":{"start":{"line":13,"column":12},"end":{"line":13,"column":13}},"loc":{"start":{"line":13,"column":16},"end":{"line":17,"column":3}},"line":13},"2":{"name":"handleClick","decl":{"start":{"line":19,"column":11},"end":{"line":19,"column":22}},"loc":{"start":{"line":19,"column":24},"end":{"line":29,"column":3}},"line":19},"3":{"name":"(anonymous_3)","decl":{"start":{"line":34,"column":39},"end":{"line":34,"column":40}},"loc":{"start":{"line":34,"column":42},"end":{"line":34,"column":76}},"line":34}},"branchMap":{"0":{"loc":{"start":{"line":14,"column":4},"end":{"line":16,"column":5}},"type":"if","locations":[{"start":{"line":14,"column":4},"end":{"line":16,"column":5}},{"start":{},"end":{}}],"line":14},"1":{"loc":{"start":{"line":15,"column":6},"end":{"line":15,"column":49}},"type":"cond-expr","locations":[{"start":{"line":15,"column":28},"end":{"line":15,"column":42}},{"start":{"line":15,"column":45},"end":{"line":15,"column":49}}],"line":15},"2":{"loc":{"start":{"line":20,"column":4},"end":{"line":28,"column":5}},"type":"if","locations":[{"start":{"line":20,"column":4},"end":{"line":28,"column":5}},{"start":{"line":24,"column":11},"end":{"line":28,"column":5}}],"line":20},"3":{"loc":{"start":{"line":32,"column":4},"end":{"line":63,"column":10}},"type":"cond-expr","locations":[{"start":{"line":33,"column":4},"end":{"line":61,"column":7}},{"start":{"line":63,"column":6},"end":{"line":63,"column":10}}],"line":32},"4":{"loc":{"start":{"line":35,"column":9},"end":{"line":35,"column":93}},"type":"cond-expr","locations":[{"start":{"line":35,"column":18},"end":{"line":35,"column":54}},{"start":{"line":35,"column":57},"end":{"line":35,"column":93}}],"line":35}},"s":{"0":0,"1":0,"2":0,"3":0,"4":0,"5":0,"6":0,"7":0,"8":0,"9":0,"10":0,"11":0,"12":0,"13":0,"14":0,"15":0},"f":{"0":0,"1":0,"2":0,"3":0},"b":{"0":[0,0],"1":[0,0],"2":[0,0],"3":[0,0],"4":[0,0]},"_coverageSchema":"1a1c01bbd47fc00a2c39e90264f33305004495a9","hash":"74ef083770eed87f5e874d9cd0626d38bdc57f9c"}
,"/Users/soph/Desktop/Frontend-Capstone-Ecommerce/client/src/components/overview/components/product-info/Styles.jsx": {"path":"/Users/soph/Desktop/Frontend-Capstone-Ecommerce/client/src/components/overview/components/product-info/Styles.jsx","statementMap":{"0":{"start":{"line":5,"column":31},"end":{"line":5,"column":49}},"1":{"start":{"line":6,"column":23},"end":{"line":6,"column":35}},"2":{"start":{"line":10,"column":4},"end":{"line":10,"column":18}},"3":{"start":{"line":13,"column":2},"end":{"line":29,"column":3}},"4":{"start":{"line":22,"column":8},"end":{"line":25,"column":15}},"5":{"start":{"line":23,"column":134},"end":{"line":23,"column":142}}},"fnMap":{"0":{"name":"Styles","decl":{"start":{"line":4,"column":24},"end":{"line":4,"column":30}},"loc":{"start":{"line":4,"column":60},"end":{"line":30,"column":1}},"line":4},"1":{"name":"set","decl":{"start":{"line":9,"column":11},"end":{"line":9,"column":14}},"loc":{"start":{"line":9,"column":23},"end":{"line":11,"column":3}},"line":9},"2":{"name":"(anonymous_2)","decl":{"start":{"line":21,"column":18},"end":{"line":21,"column":19}},"loc":{"start":{"line":22,"column":8},"end":{"line":25,"column":15}},"line":22},"3":{"name":"(anonymous_3)","decl":{"start":{"line":23,"column":128},"end":{"line":23,"column":129}},"loc":{"start":{"line":23,"column":133},"end":{"line":23,"column":143}},"line":23}},"branchMap":{"0":{"loc":{"start":{"line":23,"column":43},"end":{"line":23,"column":117}},"type":"binary-expr","locations":[{"start":{"line":23,"column":43},"end":{"line":23,"column":70}},{"start":{"line":23,"column":74},"end":{"line":23,"column":117}}],"line":23},"1":{"loc":{"start":{"line":24,"column":11},"end":{"line":24,"column":83}},"type":"cond-expr","locations":[{"start":{"line":24,"column":43},"end":{"line":24,"column":76}},{"start":{"line":24,"column":79},"end":{"line":24,"column":83}}],"line":24}},"s":{"0":0,"1":0,"2":0,"3":0,"4":0,"5":0},"f":{"0":0,"1":0,"2":0,"3":0},"b":{"0":[0,0],"1":[0,0]},"_coverageSchema":"1a1c01bbd47fc00a2c39e90264f33305004495a9","hash":"c1dcd4278d8b976c8982e1b0fff3fb05244c6045"}
,"/Users/soph/Desktop/Frontend-Capstone-Ecommerce/client/src/components/qa/index.jsx": {"path":"/Users/soph/Desktop/Frontend-Capstone-Ecommerce/client/src/components/qa/index.jsx","statementMap":{"0":{"start":{"line":10,"column":18},"end":{"line":88,"column":1}},"1":{"start":{"line":12,"column":30},"end":{"line":12,"column":42}},"2":{"start":{"line":14,"column":30},"end":{"line":14,"column":46}},"3":{"start":{"line":17,"column":31},"end":{"line":17,"column":41}},"4":{"start":{"line":18,"column":32},"end":{"line":18,"column":47}},"5":{"start":{"line":20,"column":40},"end":{"line":20,"column":55}},"6":{"start":{"line":22,"column":24},"end":{"line":22,"column":34}},"7":{"start":{"line":25,"column":40},"end":{"line":25,"column":55}},"8":{"start":{"line":29,"column":2},"end":{"line":40,"column":21}},"9":{"start":{"line":30,"column":4},"end":{"line":39,"column":5}},"10":{"start":{"line":31,"column":6},"end":{"line":38,"column":10}},"11":{"start":{"line":33,"column":10},"end":{"line":33,"column":43}},"12":{"start":{"line":34,"column":10},"end":{"line":34,"column":43}},"13":{"start":{"line":37,"column":10},"end":{"line":37,"column":52}},"14":{"start":{"line":43,"column":23},"end":{"line":62,"column":3}},"15":{"start":{"line":45,"column":4},"end":{"line":61,"column":5}},"16":{"start":{"line":46,"column":6},"end":{"line":46,"column":24}},"17":{"start":{"line":48,"column":21},"end":{"line":48,"column":23}},"18":{"start":{"line":50,"column":6},"end":{"line":54,"column":8}},"19":{"start":{"line":51,"column":8},"end":{"line":53,"column":9}},"20":{"start":{"line":52,"column":10},"end":{"line":52,"column":33}},"21":{"start":{"line":56,"column":6},"end":{"line":58,"column":7}},"22":{"start":{"line":57,"column":8},"end":{"line":57,"column":83}},"23":{"start":{"line":60,"column":6},"end":{"line":60,"column":26}},"24":{"start":{"line":65,"column":2},"end":{"line":87,"column":3}}},"fnMap":{"0":{"name":"(anonymous_0)","decl":{"start":{"line":10,"column":18},"end":{"line":10,"column":19}},"loc":{"start":{"line":10,"column":29},"end":{"line":88,"column":1}},"line":10},"1":{"name":"(anonymous_1)","decl":{"start":{"line":29,"column":12},"end":{"line":29,"column":13}},"loc":{"start":{"line":29,"column":18},"end":{"line":40,"column":3}},"line":29},"2":{"name":"(anonymous_2)","decl":{"start":{"line":32,"column":14},"end":{"line":32,"column":15}},"loc":{"start":{"line":32,"column":28},"end":{"line":35,"column":9}},"line":32},"3":{"name":"(anonymous_3)","decl":{"start":{"line":36,"column":15},"end":{"line":36,"column":16}},"loc":{"start":{"line":36,"column":22},"end":{"line":38,"column":9}},"line":36},"4":{"name":"(anonymous_4)","decl":{"start":{"line":43,"column":23},"end":{"line":43,"column":24}},"loc":{"start":{"line":43,"column":36},"end":{"line":62,"column":3}},"line":43},"5":{"name":"(anonymous_5)","decl":{"start":{"line":50,"column":21},"end":{"line":50,"column":22}},"loc":{"start":{"line":50,"column":53},"end":{"line":54,"column":7}},"line":50}},"branchMap":{"0":{"loc":{"start":{"line":30,"column":4},"end":{"line":39,"column":5}},"type":"if","locations":[{"start":{"line":30,"column":4},"end":{"line":39,"column":5}},{"start":{},"end":{}}],"line":30},"1":{"loc":{"start":{"line":45,"column":4},"end":{"line":61,"column":5}},"type":"if","locations":[{"start":{"line":45,"column":4},"end":{"line":61,"column":5}},{"start":{"line":47,"column":11},"end":{"line":61,"column":5}}],"line":45},"2":{"loc":{"start":{"line":51,"column":8},"end":{"line":53,"column":9}},"type":"if","locations":[{"start":{"line":51,"column":8},"end":{"line":53,"column":9}},{"start":{},"end":{}}],"line":51},"3":{"loc":{"start":{"line":56,"column":6},"end":{"line":58,"column":7}},"type":"if","locations":[{"start":{"line":56,"column":6},"end":{"line":58,"column":7}},{"start":{},"end":{}}],"line":56}},"s":{"0":1,"1":0,"2":0,"3":0,"4":0,"5":0,"6":0,"7":0,"8":0,"9":0,"10":0,"11":0,"12":0,"13":0,"14":0,"15":0,"16":0,"17":0,"18":0,"19":0,"20":0,"21":0,"22":0,"23":0,"24":0},"f":{"0":0,"1":0,"2":0,"3":0,"4":0,"5":0},"b":{"0":[0,0],"1":[0,0],"2":[0,0],"3":[0,0]},"_coverageSchema":"1a1c01bbd47fc00a2c39e90264f33305004495a9","hash":"9ce02d96ec55a196fdb4c39d97543c6726177975"}
,"/Users/soph/Desktop/Frontend-Capstone-Ecommerce/client/src/components/qa/components/AWEntry.jsx": {"path":"/Users/soph/Desktop/Frontend-Capstone-Ecommerce/client/src/components/qa/components/AWEntry.jsx","statementMap":{"0":{"start":{"line":8,"column":16},"end":{"line":72,"column":1}},"1":{"start":{"line":11,"column":22},"end":{"line":19,"column":3}},"2":{"start":{"line":12,"column":4},"end":{"line":18,"column":6}},"3":{"start":{"line":14,"column":6},"end":{"line":14,"column":52}},"4":{"start":{"line":17,"column":6},"end":{"line":17,"column":23}},"5":{"start":{"line":22,"column":21},"end":{"line":30,"column":3}},"6":{"start":{"line":23,"column":4},"end":{"line":29,"column":6}},"7":{"start":{"line":25,"column":6},"end":{"line":25,"column":51}},"8":{"start":{"line":28,"column":6},"end":{"line":28,"column":23}},"9":{"start":{"line":33,"column":2},"end":{"line":71,"column":3}},"10":{"start":{"line":51,"column":10},"end":{"line":54,"column":43}},"11":{"start":{"line":52,"column":12},"end":{"line":52,"column":45}},"12":{"start":{"line":53,"column":12},"end":{"line":53,"column":36}},"13":{"start":{"line":64,"column":58},"end":{"line":64,"column":90}},"14":{"start":{"line":67,"column":58},"end":{"line":67,"column":89}}},"fnMap":{"0":{"name":"(anonymous_0)","decl":{"start":{"line":8,"column":16},"end":{"line":8,"column":17}},"loc":{"start":{"line":8,"column":27},"end":{"line":72,"column":1}},"line":8},"1":{"name":"(anonymous_1)","decl":{"start":{"line":11,"column":22},"end":{"line":11,"column":23}},"loc":{"start":{"line":11,"column":32},"end":{"line":19,"column":3}},"line":11},"2":{"name":"(anonymous_2)","decl":{"start":{"line":13,"column":10},"end":{"line":13,"column":11}},"loc":{"start":{"line":13,"column":24},"end":{"line":15,"column":5}},"line":13},"3":{"name":"(anonymous_3)","decl":{"start":{"line":16,"column":11},"end":{"line":16,"column":12}},"loc":{"start":{"line":16,"column":18},"end":{"line":18,"column":5}},"line":16},"4":{"name":"(anonymous_4)","decl":{"start":{"line":22,"column":21},"end":{"line":22,"column":22}},"loc":{"start":{"line":22,"column":31},"end":{"line":30,"column":3}},"line":22},"5":{"name":"(anonymous_5)","decl":{"start":{"line":24,"column":10},"end":{"line":24,"column":11}},"loc":{"start":{"line":24,"column":24},"end":{"line":26,"column":5}},"line":24},"6":{"name":"(anonymous_6)","decl":{"start":{"line":27,"column":11},"end":{"line":27,"column":12}},"loc":{"start":{"line":27,"column":18},"end":{"line":29,"column":5}},"line":27},"7":{"name":"(anonymous_7)","decl":{"start":{"line":50,"column":30},"end":{"line":50,"column":31}},"loc":{"start":{"line":51,"column":10},"end":{"line":54,"column":43}},"line":51},"8":{"name":"(anonymous_8)","decl":{"start":{"line":51,"column":50},"end":{"line":51,"column":51}},"loc":{"start":{"line":51,"column":56},"end":{"line":54,"column":11}},"line":51},"9":{"name":"(anonymous_9)","decl":{"start":{"line":64,"column":52},"end":{"line":64,"column":53}},"loc":{"start":{"line":64,"column":58},"end":{"line":64,"column":90}},"line":64},"10":{"name":"(anonymous_10)","decl":{"start":{"line":67,"column":52},"end":{"line":67,"column":53}},"loc":{"start":{"line":67,"column":58},"end":{"line":67,"column":89}},"line":67}},"branchMap":{},"s":{"0":1,"1":0,"2":0,"3":0,"4":0,"5":0,"6":0,"7":0,"8":0,"9":0,"10":0,"11":0,"12":0,"13":0,"14":0},"f":{"0":0,"1":0,"2":0,"3":0,"4":0,"5":0,"6":0,"7":0,"8":0,"9":0,"10":0},"b":{},"_coverageSchema":"1a1c01bbd47fc00a2c39e90264f33305004495a9","hash":"635b4209badd39b83027e4bb0c1718bd89cb1ef3"}
,"/Users/soph/Desktop/Frontend-Capstone-Ecommerce/client/src/components/qa/components/AddAnswModal.jsx": {"path":"/Users/soph/Desktop/Frontend-Capstone-Ecommerce/client/src/components/qa/components/AddAnswModal.jsx","statementMap":{"0":{"start":{"line":6,"column":21},"end":{"line":156,"column":1}},"1":{"start":{"line":8,"column":38},"end":{"line":8,"column":50}},"2":{"start":{"line":9,"column":17},"end":{"line":9,"column":19}},"3":{"start":{"line":12,"column":20},"end":{"line":12,"column":31}},"4":{"start":{"line":13,"column":23},"end":{"line":13,"column":42}},"5":{"start":{"line":22,"column":19},"end":{"line":46,"column":3}},"6":{"start":{"line":40,"column":6},"end":{"line":44,"column":7}},"7":{"start":{"line":41,"column":8},"end":{"line":41,"column":67}},"8":{"start":{"line":42,"column":8},"end":{"line":42,"column":35}},"9":{"start":{"line":43,"column":8},"end":{"line":43,"column":37}},"10":{"start":{"line":51,"column":19},"end":{"line":64,"column":3}},"11":{"start":{"line":52,"column":4},"end":{"line":63,"column":6}},"12":{"start":{"line":59,"column":6},"end":{"line":59,"column":51}},"13":{"start":{"line":62,"column":6},"end":{"line":62,"column":23}},"14":{"start":{"line":67,"column":2},"end":{"line":69,"column":18}},"15":{"start":{"line":68,"column":4},"end":{"line":68,"column":44}},"16":{"start":{"line":73,"column":2},"end":{"line":155,"column":3}},"17":{"start":{"line":78,"column":12},"end":{"line":78,"column":31}},"18":{"start":{"line":79,"column":23},"end":{"line":79,"column":72}},"19":{"start":{"line":79,"column":54},"end":{"line":79,"column":71}},"20":{"start":{"line":80,"column":12},"end":{"line":80,"column":115}},"21":{"start":{"line":81,"column":12},"end":{"line":81,"column":53}},"22":{"start":{"line":82,"column":12},"end":{"line":82,"column":38}},"23":{"start":{"line":83,"column":12},"end":{"line":83,"column":37}},"24":{"start":{"line":84,"column":12},"end":{"line":84,"column":38}},"25":{"start":{"line":88,"column":60},"end":{"line":88,"column":100}},"26":{"start":{"line":125,"column":59},"end":{"line":125,"column":74}},"27":{"start":{"line":140,"column":14},"end":{"line":145,"column":21}}},"fnMap":{"0":{"name":"(anonymous_0)","decl":{"start":{"line":6,"column":21},"end":{"line":6,"column":22}},"loc":{"start":{"line":6,"column":32},"end":{"line":156,"column":1}},"line":6},"1":{"name":"(anonymous_1)","decl":{"start":{"line":39,"column":4},"end":{"line":39,"column":5}},"loc":{"start":{"line":39,"column":23},"end":{"line":45,"column":5}},"line":39},"2":{"name":"(anonymous_2)","decl":{"start":{"line":51,"column":19},"end":{"line":51,"column":20}},"loc":{"start":{"line":51,"column":56},"end":{"line":64,"column":3}},"line":51},"3":{"name":"(anonymous_3)","decl":{"start":{"line":58,"column":10},"end":{"line":58,"column":11}},"loc":{"start":{"line":58,"column":24},"end":{"line":60,"column":5}},"line":58},"4":{"name":"(anonymous_4)","decl":{"start":{"line":61,"column":11},"end":{"line":61,"column":12}},"loc":{"start":{"line":61,"column":20},"end":{"line":63,"column":5}},"line":61},"5":{"name":"(anonymous_5)","decl":{"start":{"line":67,"column":12},"end":{"line":67,"column":13}},"loc":{"start":{"line":67,"column":18},"end":{"line":69,"column":3}},"line":67},"6":{"name":"(anonymous_6)","decl":{"start":{"line":77,"column":26},"end":{"line":77,"column":27}},"loc":{"start":{"line":77,"column":33},"end":{"line":85,"column":11}},"line":77},"7":{"name":"(anonymous_7)","decl":{"start":{"line":79,"column":38},"end":{"line":79,"column":39}},"loc":{"start":{"line":79,"column":54},"end":{"line":79,"column":71}},"line":79},"8":{"name":"(anonymous_8)","decl":{"start":{"line":88,"column":54},"end":{"line":88,"column":55}},"loc":{"start":{"line":88,"column":60},"end":{"line":88,"column":100}},"line":88},"9":{"name":"(anonymous_9)","decl":{"start":{"line":125,"column":53},"end":{"line":125,"column":54}},"loc":{"start":{"line":125,"column":59},"end":{"line":125,"column":74}},"line":125},"10":{"name":"(anonymous_10)","decl":{"start":{"line":139,"column":61},"end":{"line":139,"column":62}},"loc":{"start":{"line":140,"column":14},"end":{"line":145,"column":21}},"line":140}},"branchMap":{"0":{"loc":{"start":{"line":40,"column":6},"end":{"line":44,"column":7}},"type":"if","locations":[{"start":{"line":40,"column":6},"end":{"line":44,"column":7}},{"start":{},"end":{}}],"line":40},"1":{"loc":{"start":{"line":40,"column":10},"end":{"line":40,"column":56}},"type":"binary-expr","locations":[{"start":{"line":40,"column":10},"end":{"line":40,"column":16}},{"start":{"line":40,"column":20},"end":{"line":40,"column":26}},{"start":{"line":40,"column":30},"end":{"line":40,"column":56}}],"line":40},"2":{"loc":{"start":{"line":74,"column":20},"end":{"line":74,"column":68}},"type":"cond-expr","locations":[{"start":{"line":74,"column":51},"end":{"line":74,"column":63}},{"start":{"line":74,"column":66},"end":{"line":74,"column":68}}],"line":74},"3":{"loc":{"start":{"line":75,"column":7},"end":{"line":153,"column":10}},"type":"cond-expr","locations":[{"start":{"line":76,"column":8},"end":{"line":152,"column":14}},{"start":{"line":153,"column":8},"end":{"line":153,"column":10}}],"line":75},"4":{"loc":{"start":{"line":131,"column":13},"end":{"line":134,"column":40}},"type":"cond-expr","locations":[{"start":{"line":132,"column":14},"end":{"line":132,"column":16}},{"start":{"line":134,"column":14},"end":{"line":134,"column":40}}],"line":131},"5":{"loc":{"start":{"line":139,"column":13},"end":{"line":146,"column":14}},"type":"cond-expr","locations":[{"start":{"line":139,"column":41},"end":{"line":139,"column":43}},{"start":{"line":139,"column":46},"end":{"line":146,"column":14}}],"line":139}},"s":{"0":1,"1":0,"2":0,"3":0,"4":0,"5":0,"6":0,"7":0,"8":0,"9":0,"10":0,"11":0,"12":0,"13":0,"14":0,"15":0,"16":0,"17":0,"18":0,"19":0,"20":0,"21":0,"22":0,"23":0,"24":0,"25":0,"26":0,"27":0},"f":{"0":0,"1":0,"2":0,"3":0,"4":0,"5":0,"6":0,"7":0,"8":0,"9":0,"10":0},"b":{"0":[0,0],"1":[0,0,0],"2":[0,0],"3":[0,0],"4":[0,0],"5":[0,0]},"_coverageSchema":"1a1c01bbd47fc00a2c39e90264f33305004495a9","hash":"fa2da8b13a97442626dd7373db5ea22b52c267c7"}
,"/Users/soph/Desktop/Frontend-Capstone-Ecommerce/client/src/components/qa/components/AddQuesBtn.jsx": {"path":"/Users/soph/Desktop/Frontend-Capstone-Ecommerce/client/src/components/qa/components/AddQuesBtn.jsx","statementMap":{"0":{"start":{"line":4,"column":19},"end":{"line":8,"column":1}},"1":{"start":{"line":5,"column":2},"end":{"line":7,"column":8}},"2":{"start":{"line":6,"column":52},"end":{"line":6,"column":92}}},"fnMap":{"0":{"name":"(anonymous_0)","decl":{"start":{"line":4,"column":19},"end":{"line":4,"column":20}},"loc":{"start":{"line":5,"column":2},"end":{"line":7,"column":8}},"line":5},"1":{"name":"(anonymous_1)","decl":{"start":{"line":6,"column":46},"end":{"line":6,"column":47}},"loc":{"start":{"line":6,"column":52},"end":{"line":6,"column":92}},"line":6}},"branchMap":{},"s":{"0":1,"1":0,"2":0},"f":{"0":0,"1":0},"b":{},"_coverageSchema":"1a1c01bbd47fc00a2c39e90264f33305004495a9","hash":"6283caabf3dbfd78ee4a2deb7be14e3cfa5eff30"}
,"/Users/soph/Desktop/Frontend-Capstone-Ecommerce/client/src/components/qa/components/AddQuesModal.jsx": {"path":"/Users/soph/Desktop/Frontend-Capstone-Ecommerce/client/src/components/qa/components/AddQuesModal.jsx","statementMap":{"0":{"start":{"line":6,"column":21},"end":{"line":76,"column":1}},"1":{"start":{"line":9,"column":19},"end":{"line":22,"column":3}},"2":{"start":{"line":10,"column":4},"end":{"line":21,"column":6}},"3":{"start":{"line":17,"column":6},"end":{"line":17,"column":49}},"4":{"start":{"line":20,"column":6},"end":{"line":20,"column":23}},"5":{"start":{"line":25,"column":2},"end":{"line":75,"column":3}},"6":{"start":{"line":30,"column":12},"end":{"line":30,"column":31}},"7":{"start":{"line":31,"column":12},"end":{"line":31,"column":103}},"8":{"start":{"line":32,"column":12},"end":{"line":32,"column":53}},"9":{"start":{"line":33,"column":12},"end":{"line":33,"column":37}},"10":{"start":{"line":34,"column":12},"end":{"line":34,"column":37}},"11":{"start":{"line":35,"column":12},"end":{"line":35,"column":38}},"12":{"start":{"line":39,"column":60},"end":{"line":39,"column":100}}},"fnMap":{"0":{"name":"(anonymous_0)","decl":{"start":{"line":6,"column":21},"end":{"line":6,"column":22}},"loc":{"start":{"line":6,"column":32},"end":{"line":76,"column":1}},"line":6},"1":{"name":"(anonymous_1)","decl":{"start":{"line":9,"column":19},"end":{"line":9,"column":20}},"loc":{"start":{"line":9,"column":54},"end":{"line":22,"column":3}},"line":9},"2":{"name":"(anonymous_2)","decl":{"start":{"line":16,"column":10},"end":{"line":16,"column":11}},"loc":{"start":{"line":16,"column":24},"end":{"line":18,"column":5}},"line":16},"3":{"name":"(anonymous_3)","decl":{"start":{"line":19,"column":11},"end":{"line":19,"column":12}},"loc":{"start":{"line":19,"column":20},"end":{"line":21,"column":5}},"line":19},"4":{"name":"(anonymous_4)","decl":{"start":{"line":29,"column":26},"end":{"line":29,"column":27}},"loc":{"start":{"line":29,"column":33},"end":{"line":36,"column":13}},"line":29},"5":{"name":"(anonymous_5)","decl":{"start":{"line":39,"column":54},"end":{"line":39,"column":55}},"loc":{"start":{"line":39,"column":60},"end":{"line":39,"column":100}},"line":39}},"branchMap":{"0":{"loc":{"start":{"line":26,"column":20},"end":{"line":26,"column":68}},"type":"cond-expr","locations":[{"start":{"line":26,"column":51},"end":{"line":26,"column":63}},{"start":{"line":26,"column":66},"end":{"line":26,"column":68}}],"line":26},"1":{"loc":{"start":{"line":27,"column":7},"end":{"line":73,"column":10}},"type":"cond-expr","locations":[{"start":{"line":28,"column":8},"end":{"line":72,"column":14}},{"start":{"line":73,"column":8},"end":{"line":73,"column":10}}],"line":27}},"s":{"0":1,"1":0,"2":0,"3":0,"4":0,"5":0,"6":0,"7":0,"8":0,"9":0,"10":0,"11":0,"12":0},"f":{"0":0,"1":0,"2":0,"3":0,"4":0,"5":0},"b":{"0":[0,0],"1":[0,0]},"_coverageSchema":"1a1c01bbd47fc00a2c39e90264f33305004495a9","hash":"5eeb70efe9c6ac6edde971eb992fa9232b7664ba"}
,"/Users/soph/Desktop/Frontend-Capstone-Ecommerce/client/src/components/qa/components/ImageModal.jsx": {"path":"/Users/soph/Desktop/Frontend-Capstone-Ecommerce/client/src/components/qa/components/ImageModal.jsx","statementMap":{"0":{"start":{"line":6,"column":19},"end":{"line":18,"column":1}},"1":{"start":{"line":8,"column":4},"end":{"line":17,"column":10}},"2":{"start":{"line":9,"column":6},"end":{"line":9,"column":39}}},"fnMap":{"0":{"name":"(anonymous_0)","decl":{"start":{"line":6,"column":19},"end":{"line":6,"column":20}},"loc":{"start":{"line":8,"column":4},"end":{"line":17,"column":10}},"line":8},"1":{"name":"(anonymous_1)","decl":{"start":{"line":8,"column":74},"end":{"line":8,"column":75}},"loc":{"start":{"line":8,"column":80},"end":{"line":11,"column":5}},"line":8}},"branchMap":{"0":{"loc":{"start":{"line":8,"column":20},"end":{"line":8,"column":63}},"type":"cond-expr","locations":[{"start":{"line":8,"column":47},"end":{"line":8,"column":58}},{"start":{"line":8,"column":61},"end":{"line":8,"column":63}}],"line":8},"1":{"loc":{"start":{"line":12,"column":7},"end":{"line":16,"column":10}},"type":"cond-expr","locations":[{"start":{"line":13,"column":8},"end":{"line":15,"column":14}},{"start":{"line":16,"column":8},"end":{"line":16,"column":10}}],"line":12}},"s":{"0":1,"1":0,"2":0},"f":{"0":0,"1":0},"b":{"0":[0,0],"1":[0,0]},"_coverageSchema":"1a1c01bbd47fc00a2c39e90264f33305004495a9","hash":"21f002ee3e1ca68271dcf7eebac51e3b58e991e2"}
,"/Users/soph/Desktop/Frontend-Capstone-Ecommerce/client/src/components/qa/components/LoadQuesBtn.jsx": {"path":"/Users/soph/Desktop/Frontend-Capstone-Ecommerce/client/src/components/qa/components/LoadQuesBtn.jsx","statementMap":{"0":{"start":{"line":4,"column":20},"end":{"line":8,"column":1}},"1":{"start":{"line":5,"column":2},"end":{"line":7,"column":8}},"2":{"start":{"line":6,"column":52},"end":{"line":6,"column":68}}},"fnMap":{"0":{"name":"(anonymous_0)","decl":{"start":{"line":4,"column":20},"end":{"line":4,"column":21}},"loc":{"start":{"line":5,"column":2},"end":{"line":7,"column":8}},"line":5},"1":{"name":"(anonymous_1)","decl":{"start":{"line":6,"column":46},"end":{"line":6,"column":47}},"loc":{"start":{"line":6,"column":52},"end":{"line":6,"column":68}},"line":6}},"branchMap":{},"s":{"0":1,"1":0,"2":0},"f":{"0":0,"1":0},"b":{},"_coverageSchema":"1a1c01bbd47fc00a2c39e90264f33305004495a9","hash":"25679a84910f252f140325a62cf579552c04e573"}
,"/Users/soph/Desktop/Frontend-Capstone-Ecommerce/client/src/components/qa/components/Pagination.jsx": {"path":"/Users/soph/Desktop/Frontend-Capstone-Ecommerce/client/src/components/qa/components/Pagination.jsx","statementMap":{"0":{"start":{"line":4,"column":19},"end":{"line":37,"column":1}},"1":{"start":{"line":6,"column":21},"end":{"line":6,"column":65}},"2":{"start":{"line":9,"column":19},"end":{"line":12,"column":3}},"3":{"start":{"line":10,"column":4},"end":{"line":11,"column":51}},"4":{"start":{"line":11,"column":8},"end":{"line":11,"column":51}},"5":{"start":{"line":13,"column":19},"end":{"line":16,"column":3}},"6":{"start":{"line":14,"column":6},"end":{"line":15,"column":53}},"7":{"start":{"line":15,"column":10},"end":{"line":15,"column":53}},"8":{"start":{"line":18,"column":2},"end":{"line":36,"column":3}},"9":{"start":{"line":24,"column":8},"end":{"line":30,"column":14}},"10":{"start":{"line":25,"column":28},"end":{"line":25,"column":58}}},"fnMap":{"0":{"name":"(anonymous_0)","decl":{"start":{"line":4,"column":19},"end":{"line":4,"column":20}},"loc":{"start":{"line":4,"column":30},"end":{"line":37,"column":1}},"line":4},"1":{"name":"(anonymous_1)","decl":{"start":{"line":9,"column":19},"end":{"line":9,"column":20}},"loc":{"start":{"line":9,"column":25},"end":{"line":12,"column":3}},"line":9},"2":{"name":"(anonymous_2)","decl":{"start":{"line":13,"column":19},"end":{"line":13,"column":20}},"loc":{"start":{"line":13,"column":25},"end":{"line":16,"column":3}},"line":13},"3":{"name":"(anonymous_3)","decl":{"start":{"line":23,"column":22},"end":{"line":23,"column":23}},"loc":{"start":{"line":24,"column":8},"end":{"line":30,"column":14}},"line":24},"4":{"name":"(anonymous_4)","decl":{"start":{"line":25,"column":22},"end":{"line":25,"column":23}},"loc":{"start":{"line":25,"column":28},"end":{"line":25,"column":58}},"line":25}},"branchMap":{"0":{"loc":{"start":{"line":10,"column":4},"end":{"line":11,"column":51}},"type":"if","locations":[{"start":{"line":10,"column":4},"end":{"line":11,"column":51}},{"start":{},"end":{}}],"line":10},"1":{"loc":{"start":{"line":14,"column":6},"end":{"line":15,"column":53}},"type":"if","locations":[{"start":{"line":14,"column":6},"end":{"line":15,"column":53}},{"start":{},"end":{}}],"line":14},"2":{"loc":{"start":{"line":26,"column":26},"end":{"line":26,"column":72}},"type":"cond-expr","locations":[{"start":{"line":26,"column":59},"end":{"line":26,"column":67}},{"start":{"line":26,"column":70},"end":{"line":26,"column":72}}],"line":26}},"s":{"0":1,"1":0,"2":0,"3":0,"4":0,"5":0,"6":0,"7":0,"8":0,"9":0,"10":0},"f":{"0":0,"1":0,"2":0,"3":0,"4":0},"b":{"0":[0,0],"1":[0,0],"2":[0,0]},"_coverageSchema":"1a1c01bbd47fc00a2c39e90264f33305004495a9","hash":"6b5abbb68bb0bf5b29988cde67dacdcc251715ac"}
,"/Users/soph/Desktop/Frontend-Capstone-Ecommerce/client/src/components/qa/components/QA.jsx": {"path":"/Users/soph/Desktop/Frontend-Capstone-Ecommerce/client/src/components/qa/components/QA.jsx","statementMap":{"0":{"start":{"line":10,"column":11},"end":{"line":77,"column":1}},"1":{"start":{"line":29,"column":46},"end":{"line":29,"column":57}},"2":{"start":{"line":31,"column":25},"end":{"line":31,"column":62}},"3":{"start":{"line":34,"column":19},"end":{"line":36,"column":3}},"4":{"start":{"line":35,"column":4},"end":{"line":35,"column":42}},"5":{"start":{"line":42,"column":2},"end":{"line":76,"column":3}},"6":{"start":{"line":54,"column":10},"end":{"line":54,"column":239}}},"fnMap":{"0":{"name":"(anonymous_0)","decl":{"start":{"line":10,"column":11},"end":{"line":10,"column":12}},"loc":{"start":{"line":10,"column":22},"end":{"line":77,"column":1}},"line":10},"1":{"name":"(anonymous_1)","decl":{"start":{"line":34,"column":19},"end":{"line":34,"column":20}},"loc":{"start":{"line":34,"column":25},"end":{"line":36,"column":3}},"line":34},"2":{"name":"(anonymous_2)","decl":{"start":{"line":53,"column":28},"end":{"line":53,"column":29}},"loc":{"start":{"line":54,"column":10},"end":{"line":54,"column":239}},"line":54}},"branchMap":{"0":{"loc":{"start":{"line":62,"column":11},"end":{"line":62,"column":134}},"type":"cond-expr","locations":[{"start":{"line":62,"column":61},"end":{"line":62,"column":63}},{"start":{"line":62,"column":66},"end":{"line":62,"column":134}}],"line":62},"1":{"loc":{"start":{"line":62,"column":66},"end":{"line":62,"column":134}},"type":"cond-expr","locations":[{"start":{"line":62,"column":94},"end":{"line":62,"column":129}},{"start":{"line":62,"column":132},"end":{"line":62,"column":134}}],"line":62}},"s":{"0":1,"1":0,"2":0,"3":0,"4":0,"5":0,"6":0},"f":{"0":0,"1":0,"2":0},"b":{"0":[0,0],"1":[0,0]},"_coverageSchema":"1a1c01bbd47fc00a2c39e90264f33305004495a9","hash":"087d92363d4118fe85579633e7bbfd6a16c0585f"}
,"/Users/soph/Desktop/Frontend-Capstone-Ecommerce/client/src/components/qa/components/QAEntry.jsx": {"path":"/Users/soph/Desktop/Frontend-Capstone-Ecommerce/client/src/components/qa/components/QAEntry.jsx","statementMap":{"0":{"start":{"line":7,"column":16},"end":{"line":109,"column":1}},"1":{"start":{"line":9,"column":32},"end":{"line":9,"column":44}},"2":{"start":{"line":13,"column":46},"end":{"line":13,"column":57}},"3":{"start":{"line":15,"column":25},"end":{"line":15,"column":57}},"4":{"start":{"line":18,"column":18},"end":{"line":20,"column":3}},"5":{"start":{"line":19,"column":4},"end":{"line":19,"column":42}},"6":{"start":{"line":25,"column":21},"end":{"line":34,"column":3}},"7":{"start":{"line":26,"column":4},"end":{"line":33,"column":6}},"8":{"start":{"line":29,"column":6},"end":{"line":29,"column":32}},"9":{"start":{"line":32,"column":6},"end":{"line":32,"column":23}},"10":{"start":{"line":37,"column":22},"end":{"line":45,"column":3}},"11":{"start":{"line":38,"column":4},"end":{"line":44,"column":6}},"12":{"start":{"line":40,"column":6},"end":{"line":40,"column":52}},"13":{"start":{"line":43,"column":6},"end":{"line":43,"column":23}},"14":{"start":{"line":48,"column":21},"end":{"line":56,"column":3}},"15":{"start":{"line":49,"column":4},"end":{"line":55,"column":6}},"16":{"start":{"line":51,"column":6},"end":{"line":51,"column":51}},"17":{"start":{"line":54,"column":6},"end":{"line":54,"column":23}},"18":{"start":{"line":59,"column":2},"end":{"line":62,"column":32}},"19":{"start":{"line":60,"column":4},"end":{"line":60,"column":39}},"20":{"start":{"line":65,"column":2},"end":{"line":108,"column":3}},"21":{"start":{"line":78,"column":62},"end":{"line":78,"column":97}},"22":{"start":{"line":81,"column":60},"end":{"line":81,"column":94}},"23":{"start":{"line":85,"column":10},"end":{"line":85,"column":51}},"24":{"start":{"line":86,"column":10},"end":{"line":86,"column":35}},"25":{"start":{"line":95,"column":6},"end":{"line":95,"column":133}},"26":{"start":{"line":101,"column":98},"end":{"line":101,"column":107}}},"fnMap":{"0":{"name":"(anonymous_0)","decl":{"start":{"line":7,"column":16},"end":{"line":7,"column":17}},"loc":{"start":{"line":7,"column":27},"end":{"line":109,"column":1}},"line":7},"1":{"name":"(anonymous_1)","decl":{"start":{"line":18,"column":18},"end":{"line":18,"column":19}},"loc":{"start":{"line":18,"column":24},"end":{"line":20,"column":3}},"line":18},"2":{"name":"(anonymous_2)","decl":{"start":{"line":25,"column":21},"end":{"line":25,"column":22}},"loc":{"start":{"line":25,"column":31},"end":
[...]
:10,"column":30},"end":{"line":10,"column":44}},"2":{"start":{"line":11,"column":42},"end":{"line":11,"column":56}},"3":{"start":{"line":12,"column":28},"end":{"line":12,"column":43}},"4":{"start":{"line":14,"column":2},"end":{"line":36,"column":19}},"5":{"start":{"line":15,"column":19},"end":{"line":15,"column":45}},"6":{"start":{"line":17,"column":4},"end":{"line":35,"column":5}},"7":{"start":{"line":18,"column":6},"end":{"line":20,"column":40}},"8":{"start":{"line":19,"column":22},"end":{"line":19,"column":47}},"9":{"start":{"line":20,"column":22},"end":{"line":20,"column":38}},"10":{"start":{"line":21,"column":6},"end":{"line":34,"column":44}},"11":{"start":{"line":23,"column":10},"end":{"line":23,"column":31}},"12":{"start":{"line":24,"column":10},"end":{"line":32,"column":11}},"13":{"start":{"line":24,"column":23},"end":{"line":24,"column":24}},"14":{"start":{"line":25,"column":12},"end":{"line":28,"column":13}},"15":{"start":{"line":26,"column":14},"end":{"line":26,"column":52}},"16":{"start":{"line":27,"column":14},"end":{"line":27,"column":21}},"17":{"start":{"line":29,"column":12},"end":{"line":31,"column":13}},"18":{"start":{"line":30,"column":14},"end":{"line":30,"column":52}},"19":{"start":{"line":34,"column":25},"end":{"line":34,"column":41}},"20":{"start":{"line":39,"column":23},"end":{"line":47,"column":3}},"21":{"start":{"line":40,"column":4},"end":{"line":40,"column":62}},"22":{"start":{"line":40,"column":55},"end":{"line":40,"column":61}},"23":{"start":{"line":41,"column":4},"end":{"line":41,"column":56}},"24":{"start":{"line":41,"column":49},"end":{"line":41,"column":55}},"25":{"start":{"line":42,"column":4},"end":{"line":42,"column":44}},"26":{"start":{"line":42,"column":37},"end":{"line":42,"column":43}},"27":{"start":{"line":43,"column":4},"end":{"line":43,"column":45}},"28":{"start":{"line":43,"column":38},"end":{"line":43,"column":44}},"29":{"start":{"line":44,"column":4},"end":{"line":44,"column":54}},"30":{"start":{"line":44,"column":47},"end":{"line":44,"column":53}},"31":{"start":{"line":45,"column":4},"end":{"line":45,"column":55}},"32":{"start":{"line":45,"column":48},"end":{"line":45,"column":54}},"33":{"start":{"line":46,"column":4},"end":{"line":46,"column":28}},"34":{"start":{"line":49,"column":32},"end":{"line":51,"column":3}},"35":{"start":{"line":50,"column":4},"end":{"line":50,"column":21}},"36":{"start":{"line":53,"column":28},"end":{"line":58,"column":3}},"37":{"start":{"line":54,"column":14},"end":{"line":54,"column":34}},"38":{"start":{"line":55,"column":22},"end":{"line":55,"column":68}},"39":{"start":{"line":56,"column":4},"end":{"line":56,"column":62}},"40":{"start":{"line":57,"column":4},"end":{"line":57,"column":25}},"41":{"start":{"line":60,"column":2},"end":{"line":102,"column":3}},"42":{"start":{"line":66,"column":52},"end":{"line":66,"column":68}},"43":{"start":{"line":69,"column":67},"end":{"line":69,"column":91}},"44":{"start":{"line":74,"column":67},"end":{"line":74,"column":85}}},"fnMap":{"0":{"name":"ProductCard","decl":{"start":{"line":7,"column":24},"end":{"line":7,"column":35}},"loc":{"start":{"line":7,"column":94},"end":{"line":103,"column":1}},"line":7},"1":{"name":"(anonymous_1)","decl":{"start":{"line":14,"column":12},"end":{"line":14,"column":13}},"loc":{"start":{"line":14,"column":18},"end":{"line":36,"column":3}},"line":14},"2":{"name":"(anonymous_2)","decl":{"start":{"line":19,"column":14},"end":{"line":19,"column":15}},"loc":{"start":{"line":19,"column":22},"end":{"line":19,"column":47}},"line":19},"3":{"name":"(anonymous_3)","decl":{"start":{"line":20,"column":15},"end":{"line":20,"column":16}},"loc":{"start":{"line":20,"column":22},"end":{"line":20,"column":38}},"line":20},"4":{"name":"(anonymous_4)","decl":{"start":{"line":22,"column":14},"end":{"line":22,"column":15}},"loc":{"start":{"line":22,"column":22},"end":{"line":33,"column":9}},"line":22},"5":{"name":"(anonymous_5)","decl":{"start":{"line":34,"column":15},"end":{"line":34,"column":16}},"loc":{"start":{"line":34,"column":24},"end":{"line":34,"column":42}},"line":34},"6":{"name":"(anonymous_6)","decl":{"start":{"line":39,"column":23},"end":{"line":39,"column":24}},"loc":{"start":{"line":39,"column":30},"end":{"line":47,"column":3}},"line":39},"7":{"name":"(anonymous_7)","decl":{"start":{"line":49,"column":32},"end":{"line":49,"column":33}},"loc":{"start":{"line":49,"column":38},"end":{"line":51,"column":3}},"line":49},"8":{"name":"(anonymous_8)","decl":{"start":{"line":53,"column":28},"end":{"line":53,"column":29}},"loc":{"start":{"line":53,"column":34},"end":{"line":58,"column":3}},"line":53},"9":{"name":"(anonymous_9)","decl":{"start":{"line":66,"column":46},"end":{"line":66,"column":47}},"loc":{"start":{"line":66,"column":51},"end":{"line":66,"column":69}},"line":66},"10":{"name":"(anonymous_10)","decl":{"start":{"line":69,"column":61},"end":{"line":69,"column":62}},"loc":{"start":{"line":69,"column":66},"end":{"line":69,"column":92}},"line":69},"11":{"name":"(anonymous_11)","decl":{"start":{"line":74,"column":61},"end":{"line":74,"column":62}},"loc":{"start":{"line":74,"column":66},"end":{"line":74,"column":86}},"line":74}},"branchMap":{"0":{"loc":{"start":{"line":17,"column":4},"end":{"line":35,"column":5}},"type":"if","locations":[{"start":{"line":17,"column":4},"end":{"line":35,"column":5}},{"start":{},"end":{}}],"line":17},"1":{"loc":{"start":{"line":25,"column":12},"end":{"line":28,"column":13}},"type":"if","locations":[{"start":{"line":25,"column":12},"end":{"line":28,"column":13}},{"start":{},"end":{}}],"line":25},"2":{"loc":{"start":{"line":29,"column":12},"end":{"line":31,"column":13}},"type":"if","locations":[{"start":{"line":29,"column":12},"end":{"line":31,"column":13}},{"start":{},"end":{}}],"line":29},"3":{"loc":{"start":{"line":40,"column":4},"end":{"line":40,"column":62}},"type":"if","locations":[{"start":{"line":40,"column":4},"end":{"line":40,"column":62}},{"start":{},"end":{}}],"line":40},"4":{"loc":{"start":{"line":41,"column":4},"end":{"line":41,"column":56}},"type":"if","locations":[{"start":{"line":41,"column":4},"end":{"line":41,"column":56}},{"start":{},"end":{}}],"line":41},"5":{"loc":{"start":{"line":42,"column":4},"end":{"line":42,"column":44}},"type":"if","locations":[{"start":{"line":42,"column":4},"end":{"line":42,"column":44}},{"start":{},"end":{}}],"line":42},"6":{"loc":{"start":{"line":43,"column":4},"end":{"line":43,"column":45}},"type":"if","locations":[{"start":{"line":43,"column":4},"end":{"line":43,"column":45}},{"start":{},"end":{}}],"line":43},"7":{"loc":{"start":{"line":44,"column":4},"end":{"line":44,"column":54}},"type":"if","locations":[{"start":{"line":44,"column":4},"end":{"line":44,"column":54}},{"start":{},"end":{}}],"line":44},"8":{"loc":{"start":{"line":45,"column":4},"end":{"line":45,"column":55}},"type":"if","locations":[{"start":{"line":45,"column":4},"end":{"line":45,"column":55}},{"start":{},"end":{}}],"line":45},"9":{"loc":{"start":{"line":62,"column":7},"end":{"line":63,"column":105}},"type":"cond-expr","locations":[{"start":{"line":63,"column":8},"end":{"line":63,"column":98}},{"start":{"line":63,"column":101},"end":{"line":63,"column":105}}],"line":62},"10":{"loc":{"start":{"line":65,"column":7},"end":{"line":99,"column":20}},"type":"cond-expr","locations":[{"start":{"line":66,"column":8},"end":{"line":99,"column":13}},{"start":{"line":99,"column":16},"end":{"line":99,"column":20}}],"line":65},"11":{"loc":{"start":{"line":65,"column":7},"end":{"line":65,"column":44}},"type":"binary-expr","locations":[{"start":{"line":65,"column":7},"end":{"line":65,"column":18}},{"start":{"line":65,"column":22},"end":{"line":65,"column":34}},{"start":{"line":65,"column":38},"end":{"line":65,"column":44}}],"line":65},"12":{"loc":{"start":{"line":68,"column":11},"end":{"line":71,"column":28}},"type":"cond-expr","locations":[{"start":{"line":69,"column":12},"end":{"line":71,"column":21}},{"start":{"line":71,"column":24},"end":{"line":71,"column":28}}],"line":68},"13":{"loc":{"start":{"line":73,"column":11},"end":{"line":76,"column":28}},"type":"cond-expr","locations":[{"start":{"line":74,"column":12},"end":{"line":76,"column":21}},{"start":{"line":76,"column":24},"end":{"line":76,"column":28}}],"line":73},"14":{"loc":{"start":{"line":83,"column":13},"end":{"line":95,"column":22}},"type":"cond-expr","locations":[{"start":{"line":84,"column":14},"end":{"line":91,"column":20}},{"start":{"line":93,"column":14},"end":{"line":95,"column":22}}],"line":83}},"s":{"0":0,"1":0,"2":0,"3":0,"4":0,"5":0,"6":0,"7":0,"8":0,"9":0,"10":0,"11":0,"12":0,"13":0,"14":0,"15":0,"16":0,"17":0,"18":0,"19":0,"20":0,"21":0,"22":0,"23":0,"24":0,"25":0,"26":0,"27":0,"28":0,"29":0,"30":0,"31":0,"32":0,"33":0,"34":0,"35":0,"36":0,"37":0,"38":0,"39":0,"40":0,"41":0,"42":0,"43":0,"44":0},"f":{"0":0,"1":0,"2":0,"3":0,"4":0,"5":0,"6":0,"7":0,"8":0,"9":0,"10":0,"11":0},"b":{"0":[0,0],"1":[0,0],"2":[0,0],"3":[0,0],"4":[0,0],"5":[0,0],"6":[0,0],"7":[0,0],"8":[0,0],"9":[0,0],"10":[0,0],"11":[0,0,0],"12":[0,0],"13":[0,0],"14":[0,0]},"_coverageSchema":"1a1c01bbd47fc00a2c39e90264f33305004495a9","hash":"f7e6fffb895cd6e42e56041689dfe8b0a65fe2c0"}
,"/Users/soph/Desktop/Frontend-Capstone-Ecommerce/client/src/components/related-items/components/ProductCardImage.jsx": {"path":"/Users/soph/Desktop/Frontend-Capstone-Ecommerce/client/src/components/related-items/components/ProductCardImage.jsx","statementMap":{"0":{"start":{"line":6,"column":28},"end":{"line":6,"column":43}},"1":{"start":{"line":7,"column":42},"end":{"line":7,"column":88}},"2":{"start":{"line":9,"column":18},"end":{"line":9,"column":61}},"3":{"start":{"line":11,"column":2},"end":{"line":18,"column":3}},"4":{"start":{"line":12,"column":60},"end":{"line":12,"column":74}},"5":{"start":{"line":13,"column":6},"end":{"line":13,"column":45}},"6":{"start":{"line":13,"column":22},"end":{"line":13,"column":37}}},"fnMap":{"0":{"name":"ProductCardImage","decl":{"start":{"line":4,"column":24},"end":{"line":4,"column":40}},"loc":{"start":{"line":4,"column":65},"end":{"line":19,"column":1}},"line":4},"1":{"name":"(anonymous_1)","decl":{"start":{"line":12,"column":54},"end":{"line":12,"column":55}},"loc":{"start":{"line":12,"column":60},"end":{"line":12,"column":74}},"line":12},"2":{"name":"(anonymous_2)","decl":{"start":{"line":12,"column":90},"end":{"line":12,"column":91}},"loc":{"start":{"line":12,"column":96},"end":{"line":14,"column":7}},"line":12},"3":{"name":"(anonymous_3)","decl":{"start":{"line":13,"column":17},"end":{"line":13,"column":18}},"loc":{"start":{"line":13,"column":21},"end":{"line":13,"column":38}},"line":13}},"branchMap":{"0":{"loc":{"start":{"line":15,"column":16},"end":{"line":15,"column":39}},"type":"binary-expr","locations":[{"start":{"line":15,"column":16},"end":{"line":15,"column":28}},{"start":{"line":15,"column":32},"end":{"line":15,"column":39}}],"line":15},"1":{"loc":{"start":{"line":16,"column":7},"end":{"line":16,"column":91}},"type":"cond-expr","locations":[{"start":{"line":16,"column":15},"end":{"line":16,"column":84}},{"start":{"line":16,"column":87},"end":{"line":16,"column":91}}],"line":16}},"s":{"0":0,"1":0,"2":0,"3":0,"4":0,"5":0,"6":0},"f":{"0":0,"1":0,"2":0,"3":0},"b":{"0":[0,0],"1":[0,0]},"_coverageSchema":"1a1c01bbd47fc00a2c39e90264f33305004495a9","hash":"de3872a9982034019e980b556c75e2015d13603e"}
,"/Users/soph/Desktop/Frontend-Capstone-Ecommerce/client/src/components/related-items/components/RelatedProductsList.jsx": {"path":"/Users/soph/Desktop/Frontend-Capstone-Ecommerce/client/src/components/related-items/components/RelatedProductsList.jsx","statementMap":{"0":{"start":{"line":7,"column":42},"end":{"line":7,"column":54}},"1":{"start":{"line":9,"column":2},"end":{"line":14,"column":19}},"2":{"start":{"line":10,"column":19},"end":{"line":10,"column":45}},"3":{"start":{"line":11,"column":4},"end":{"line":13,"column":36}},"4":{"start":{"line":12,"column":19},"end":{"line":12,"column":45}},"5":{"start":{"line":13,"column":18},"end":{"line":13,"column":34}},"6":{"start":{"line":16,"column":2},"end":{"line":32,"column":3}},"7":{"start":{"line":22,"column":12},"end":{"line":22,"column":116}}},"fnMap":{"0":{"name":"RelatedProductsList","decl":{"start":{"line":6,"column":24},"end":{"line":6,"column":43}},"loc":{"start":{"line":6,"column":72},"end":{"line":33,"column":1}},"line":6},"1":{"name":"(anonymous_1)","decl":{"start":{"line":9,"column":12},"end":{"line":9,"column":13}},"loc":{"start":{"line":9,"column":18},"end":{"line":14,"column":3}},"line":9},"2":{"name":"(anonymous_2)","decl":{"start":{"line":12,"column":10},"end":{"line":12,"column":11}},"loc":{"start":{"line":12,"column":18},"end":{"line":12,"column":46}},"line":12},"3":{"name":"(anonymous_3)","decl":{"start":{"line":13,"column":11},"end":{"line":13,"column":12}},"loc":{"start":{"line":13,"column":18},"end":{"line":13,"column":34}},"line":13},"4":{"name":"(anonymous_4)","decl":{"start":{"line":21,"column":28},"end":{"line":21,"column":29}},"loc":{"start":{"line":22,"column":12},"end":{"line":22,"column":116}},"line":22}},"branchMap":{"0":{"loc":{"start":{"line":26,"column":9},"end":{"line":28,"column":16}},"type":"cond-expr","locations":[{"start":{"line":27,"column":10},"end":{"line":27,"column":91}},{"start":{"line":28,"column":12},"end":{"line":28,"column":16}}],"line":26}},"s":{"0":0,"1":0,"2":0,"3":0,"4":0,"5":0,"6":0,"7":0},"f":{"0":0,"1":0,"2":0,"3":0,"4":0},"b":{"0":[0,0]},"_coverageSchema":"1a1c01bbd47fc00a2c39e90264f33305004495a9","hash":"d9391abd27a744b3c96955df9798b6058afa34d8"}
,"/Users/soph/Desktop/Frontend-Capstone-Ecommerce/client/src/components/related-items/components/ScrollButtons.jsx": {"path":"/Users/soph/Desktop/Frontend-Capstone-Ecommerce/client/src/components/related-items/components/ScrollButtons.jsx","statementMap":{"0":{"start":{"line":5,"column":40},"end":{"line":5,"column":55}},"1":{"start":{"line":6,"column":40},"end":{"line":6,"column":54}},"2":{"start":{"line":8,"column":18},"end":{"line":17,"column":3}},"3":{"start":{"line":9,"column":15},"end":{"line":9,"column":46}},"4":{"start":{"line":10,"column":4},"end":{"line":12,"column":5}},"5":{"start":{"line":11,"column":6},"end":{"line":11,"column":27}},"6":{"start":{"line":13,"column":4},"end":{"line":15,"column":5}},"7":{"start":{"line":14,"column":6},"end":{"line":14,"column":48}},"8":{"start":{"line":14,"column":21},"end":{"line":14,"column":42}},"9":{"start":{"line":16,"column":4},"end":{"line":16,"column":28}},"10":{"start":{"line":19,"column":18},"end":{"line":26,"column":3}},"11":{"start":{"line":20,"column":15},"end":{"line":20,"column":46}},"12":{"start":{"line":21,"column":4},"end":{"line":21,"column":25}},"13":{"start":{"line":22,"column":4},"end":{"line":24,"column":5}},"14":{"start":{"line":23,"column":6},"end":{"line":23,"column":48}},"15":{"start":{"line":23,"column":21},"end":{"line":23,"column":42}},"16":{"start":{"line":25,"column":4},"end":{"line":25,"column":27}},"17":{"start":{"line":28,"column":2},"end":{"line":37,"column":3}}},"fnMap":{"0":{"name":"scrollButtons","decl":{"start":{"line":4,"column":24},"end":{"line":4,"column":37}},"loc":{"start":{"line":4,"column":64},"end":{"line":38,"column":1}},"line":4},"1":{"name":"(anonymous_1)","decl":{"start":{"line":8,"column":18},"end":{"line":8,"column":19}},"loc":{"start":{"line":8,"column":24},"end":{"line":17,"column":3}},"line":8},"2":{"name":"(anonymous_2)","decl":{"start":{"line":14,"column":17},"end":{"line":14,"column":18}},"loc":{"start":{"line":14,"column":21},"end":{"line":14,"column":42}},"line":14},"3":{"name":"(anonymous_3)","decl":{"start":{"line":19,"column":18},"end":{"line":19,"column":19}},"loc":{"start":{"line":19,"column":24},"end":{"line":26,"column":3}},"line":19},"4":{"name":"(anonymous_4)","decl":{"start":{"line":23,"column":17},"end":{"line":23,"column":18}},"loc":{"start":{"line":23,"column":21},"end":{"line":23,"column":42}},"line":23}},"branchMap":{"0":{"loc":{"start":{"line":10,"column":4},"end":{"line":12,"column":5}},"type":"if","locations":[{"start":{"line":10,"column":4},"end":{"line":12,"column":5}},{"start":{},"end":{}}],"line":10},"1":{"loc":{"start":{"line":13,"column":4},"end":{"line":15,"column":5}},"type":"if","locations":[{"start":{"line":13,"column":4},"end":{"line":15,"column":5}},{"start":{},"end":{}}],"line":13},"2":{"loc":{"start":{"line":22,"column":4},"end":{"line":24,"column":5}},"type":"if","locations":[{"start":{"line":22,"column":4},"end":{"line":24,"column":5}},{"start":{},"end":{}}],"line":22},"3":{"loc":{"start":{"line":30,"column":7},"end":{"line":32,"column":22}},"type":"cond-expr","locations":[{"start":{"line":30,"column":21},"end":{"line":32,"column":15}},{"start":{"line":32,"column":18},"end":{"line":32,"column":22}}],"line":30},"4":{"loc":{"start":{"line":33,"column":7},"end":{"line":35,"column":22}},"type":"cond-expr","locations":[{"start":{"line":33,"column":21},"end":{"line":35,"column":15}},{"start":{"line":35,"column":18},"end":{"line":35,"column":22}}],"line":33}},"s":{"0":0,"1":0,"2":0,"3":0,"4":0,"5":0,"6":0,"7":0,"8":0,"9":0,"10":0,"11":0,"12":0,"13":0,"14":0,"15":0,"16":0,"17":0},"f":{"0":0,"1":0,"2":0,"3":0,"4":0},"b":{"0":[0,0],"1":[0,0],"2":[0,0],"3":[0,0],"4":[0,0]},"_coverageSchema":"1a1c01bbd47fc00a2c39e90264f33305004495a9","hash":"a63b911daa60f82376b9f691ed269c458277efeb"}
,"/Users/soph/Desktop/Frontend-Capstone-Ecommerce/client/src/components/related-items/components/YourOutfitList.jsx": {"path":"/Users/soph/Desktop/Frontend-Capstone-Ecommerce/client/src/components/related-items/components/YourOutfitList.jsx","statementMap":{"0":{"start":{"line":7,"column":30},"end":{"line":7,"column":96}},"1":{"start":{"line":7,"column":46},"end":{"line":7,"column":94}},"2":{"start":{"line":9,"column":22},"end":{"line":14,"column":3}},"3":{"start":{"line":10,"column":4},"end":{"line":13,"column":5}},"4":{"start":{"line":11,"column":6},"end":{"line":11,"column":82}},"5":{"start":{"line":12,"column":6},"end":{"line":12,"column":45}},"6":{"start":{"line":16,"column":2},"end":{"line":35,"column":3}},"7":{"start":{"line":27,"column":12},"end":{"line":27,"column":128}}},"fnMap":{"0":{"name":"YourOutfitList","decl":{"start":{"line":6,"column":24},"end":{"line":6,"column":38}},"loc":{"start":{"line":6,"column":66},"end":{"line":36,"column":1}},"line":6},"1":{"name":"(anonymous_1)","decl":{"start":{"line":7,"column":39},"end":{"line":7,"column":40}},"loc":{"start":{"line":7,"column":46},"end":{"line":7,"column":94}},"line":7},"2":{"name":"(anonymous_2)","decl":{"start":{"line":9,"column":22},"end":{"line":9,"column":23}},"loc":{"start":{"line":9,"column":28},"end":{"line":14,"column":3}},"line":9},"3":{"name":"(anonymous_3)","decl":{"start":{"line":26,"column":31},"end":{"line":26,"column":32}},"loc":{"start":{"line":27,"column":12},"end":{"line":27,"column":128}},"line":27}},"branchMap":{"0":{"loc":{"start":{"line":7,"column":46},"end":{"line":7,"column":94}},"type":"binary-expr","locations":[{"start":{"line":7,"column":46},"end":{"line":7,"column":88}},{"start":{"line":7,"column":92},"end":{"line":7,"column":94}}],"line":7},"1":{"loc":{"start":{"line":10,"column":4},"end":{"line":13,"column":5}},"type":"if","locations":[{"start":{"line":10,"column":4},"end":{"line":13,"column":5}},{"start":{},"end":{}}],"line":10},"2":{"loc":{"start":{"line":26,"column":11},"end":{"line":27,"column":136}},"type":"cond-expr","locations":[{"start":{"line":26,"column":20},"end":{"line":27,"column":129}},{"start":{"line":27,"column":132},"end":{"line":27,"column":136}}],"line":26},"3":{"loc":{"start":{"line":30,"column":7},"end":{"line":31,"column":96}},"type":"cond-expr","locations":[{"start":{"line":31,"column":8},"end":{"line":31,"column":89}},{"start":{"line":31,"column":92},"end":{"line":31,"column":96}}],"line":30}},"s":{"0":0,"1":0,"2":0,"3":0,"4":0,"5":0,"6":0,"7":0},"f":{"0":0,"1":0,"2":0,"3":0},"b":{"0":[0,0],"1":[0,0],"2":[0,0],"3":[0,0]},"_coverageSchema":"1a1c01bbd47fc00a2c39e90264f33305004495a9","hash":"cb904943c4c15d704f5f175a94204d422dd54f12"}
}
