TN:
SF:client/src/index.jsx
FNF:0
FNH:0
DA:6,0
DA:7,0
DA:9,0
LF:3
LH:0
BRDA:6,0,0,0
BRDA:6,0,1,0
BRF:2
BRH:0
end_of_record
TN:
SF:client/src/components/App.jsx
FN:12,App
FN:17,(anonymous_1)
FN:19,(anonymous_2)
FNF:3
FNH:2
FNDA:1,App
FNDA:1,(anonymous_1)
FNDA:0,(anonymous_2)
DA:13,1
DA:14,1
DA:15,1
DA:17,1
DA:18,1
DA:19,0
DA:22,1
LF:7
LH:6
BRDA:23,0,0,0
BRDA:23,0,1,1
BRF:2
BRH:1
end_of_record
TN:
SF:client/src/components/StarRatings.jsx
FN:4,StarRatings
FN:7,(anonymous_1)
FN:13,(anonymous_2)
FN:20,(anonymous_3)
FN:28,(anonymous_4)
FN:29,(anonymous_5)
FNF:6
FNH:0
FNDA:0,StarRatings
FNDA:0,(anonymous_1)
FNDA:0,(anonymous_2)
FNDA:0,(anonymous_3)
FNDA:0,(anonymous_4)
FNDA:0,(anonymous_5)
DA:5,0
DA:7,0
DA:8,0
DA:9,0
DA:11,0
DA:12,0
DA:14,0
DA:15,0
DA:16,0
DA:17,0
DA:18,0
DA:20,0
DA:25,0
DA:29,0
DA:30,0
DA:31,0
DA:33,0
DA:34,0
DA:36,0
DA:37,0
DA:39,0
DA:40,0
DA:42,0
DA:44,0
DA:50,0
LF:25
LH:0
BRDA:5,0,0,0
BRDA:5,0,1,0
BRDA:8,1,0,0
BRDA:8,1,1,0
BRDA:27,2,0,0
BRDA:27,2,1,0
BRDA:30,3,0,0
BRDA:30,3,1,0
BRDA:33,4,0,0
BRDA:33,4,1,0
BRDA:36,5,0,0
BRDA:36,5,1,0
BRDA:39,6,0,0
BRDA:39,6,1,0
BRF:14
BRH:0
end_of_record
TN:
SF:client/src/components/TrackClickContext.jsx
FN:6,useTracker
FN:10,TrackProvider
FN:15,trackClick
FNF:3
FNH:0
FNDA:0,useTracker
FNDA:0,TrackProvider
FNDA:0,trackClick
DA:4,1
DA:7,0
DA:11,0
DA:16,0
DA:21,0
DA:24,0
LF:6
LH:1
BRF:0
BRH:0
end_of_record
TN:
SF:client/src/components/footer/index.jsx
FN:3,Footer
FNF:1
FNH:0
FNDA:0,Footer
DA:6,0
LF:1
LH:0
BRF:0
BRH:0
end_of_record
TN:
SF:client/src/components/header/index.jsx
FN:8,Header
FN:11,showCart
FN:31,(anonymous_2)
FNF:3
FNH:0
FNDA:0,Header
FNDA:0,showCart
FNDA:0,(anonymous_2)
DA:12,0
DA:15,0
DA:31,0
LF:3
LH:0
BRF:0
BRH:0
end_of_record
TN:
SF:client/src/components/header/components/Announcements.jsx
FN:3,Announcements
FNF:1
FNH:0
FNDA:0,Announcements
DA:5,0
LF:1
LH:0
BRF:0
BRH:0
end_of_record
TN:
SF:client/src/components/header/components/Cart.jsx
FN:4,Cart
FN:10,(anonymous_1)
FN:12,(anonymous_2)
FN:16,closeCart
FN:21,(anonymous_4)
FN:28,(anonymous_5)
FNF:6
FNH:3
FNDA:1,Cart
FNDA:1,(anonymous_1)
FNDA:1,(anonymous_2)
FNDA:0,closeCart
FNDA:0,(anonymous_4)
FNDA:0,(anonymous_5)
DA:5,1
DA:6,1
DA:7,1
DA:10,1
DA:11,1
DA:12,1
DA:17,0
DA:20,1
DA:21,0
DA:28,0
LF:10
LH:7
BRDA:26,0,0,0
BRDA:26,0,1,1
BRF:2
BRH:1
end_of_record
TN:
SF:client/src/components/header/components/Search.jsx
FN:4,Search
FNF:1
FNH:0
FNDA:0,Search
DA:6,0
LF:1
LH:0
BRF:0
BRH:0
end_of_record
TN:
SF:client/src/components/overview/index.jsx
FN:10,Overview
FN:18,(anonymous_1)
FN:20,(anonymous_2)
FN:29,(anonymous_3)
FN:34,(anonymous_4)
FN:53,(anonymous_5)
FNF:6
FNH:0
FNDA:0,Overview
FNDA:0,(anonymous_1)
FNDA:0,(anonymous_2)
FNDA:0,(anonymous_3)
FNDA:0,(anonymous_4)
FNDA:0,(anonymous_5)
DA:11,0
DA:12,0
DA:13,0
DA:14,0
DA:15,0
DA:18,0
DA:19,0
DA:21,0
DA:22,0
DA:23,0
DA:24,0
DA:25,0
DA:29,0
DA:30,0
DA:33,0
DA:34,0
DA:53,0
LF:17
LH:0
BRDA:37,0,0,0
BRDA:37,0,1,0
BRDA:37,1,0,0
BRDA:37,1,1,0
BRDA:52,2,0,0
BRDA:52,2,1,0
BRDA:65,3,0,0
BRDA:65,3,1,0
BRDA:65,4,0,0
BRDA:65,4,1,0
BRDA:69,5,0,0
BRDA:69,5,1,0
BRF:12
BRH:0
end_of_record
TN:
SF:client/src/components/overview/components/Description.jsx
FN:3,Description
FN:12,(anonymous_1)
FNF:2
FNH:0
FNDA:0,Description
FNDA:0,(anonymous_1)
DA:4,0
DA:12,0
LF:2
LH:0
BRDA:12,0,0,0
BRDA:12,0,1,0
BRDA:12,1,0,0
BRDA:12,1,1,0
BRF:4
BRH:0
end_of_record
TN:
SF:client/src/components/overview/components/gallery/Carousel.jsx
FN:4,Carousel
FN:8,next
FN:13,prev
FN:18,(anonymous_3)
FN:30,(anonymous_4)
FN:30,(anonymous_5)
FN:33,(anonymous_6)
FN:33,(anonymous_7)
FNF:8
FNH:0
FNDA:0,Carousel
FNDA:0,next
FNDA:0,prev
FNDA:0,(anonymous_3)
FNDA:0,(anonymous_4)
FNDA:0,(anonymous_5)
FNDA:0,(anonymous_6)
FNDA:0,(anonymous_7)
DA:5,0
DA:6,0
DA:9,0
DA:10,0
DA:14,0
DA:15,0
DA:18,0
DA:19,0
DA:22,0
DA:30,0
DA:33,0
LF:11
LH:0
BRDA:24,0,0,0
BRDA:24,0,1,0
BRDA:25,1,0,0
BRDA:25,1,1,0
BRDA:26,2,0,0
BRDA:26,2,1,0
BRF:6
BRH:0
end_of_record
TN:
SF:client/src/components/overview/components/gallery/Gallery.jsx
FN:6,usePrevious
FN:8,(anonymous_1)
FN:14,Gallery
FN:20,(anonymous_3)
FN:28,changePhoto
FN:35,scroll
FN:36,(anonymous_6)
FN:36,(anonymous_7)
FN:40,expandPhoto
FN:63,(anonymous_9)
FN:64,(anonymous_10)
FN:64,(anonymous_11)
FN:65,(anonymous_12)
FN:68,(anonymous_13)
FN:68,(anonymous_14)
FN:80,(anonymous_15)
FN:80,(anonymous_16)
FN:86,(anonymous_17)
FN:86,(anonymous_18)
FNF:19
FNH:0
FNDA:0,usePrevious
FNDA:0,(anonymous_1)
FNDA:0,Gallery
FNDA:0,(anonymous_3)
FNDA:0,changePhoto
FNDA:0,scroll
FNDA:0,(anonymous_6)
FNDA:0,(anonymous_7)
FNDA:0,expandPhoto
FNDA:0,(anonymous_9)
FNDA:0,(anonymous_10)
FNDA:0,(anonymous_11)
FNDA:0,(anonymous_12)
FNDA:0,(anonymous_13)
FNDA:0,(anonymous_14)
FNDA:0,(anonymous_15)
FNDA:0,(anonymous_16)
FNDA:0,(anonymous_17)
FNDA:0,(anonymous_18)
DA:7,0
DA:8,0
DA:9,0
DA:11,0
DA:15,0
DA:16,0
DA:17,0
DA:18,0
DA:20,0
DA:22,0
DA:23,0
DA:24,0
DA:29,0
DA:30,0
DA:31,0
DA:36,0
DA:41,0
DA:42,0
DA:43,0
DA:44,0
DA:45,0
DA:48,0
DA:49,0
DA:50,0
DA:55,0
DA:63,0
DA:64,0
DA:65,0
DA:68,0
DA:80,0
DA:86,0
LF:31
LH:0
BRDA:24,0,0,0
BRDA:24,0,1,0
BRDA:36,1,0,0
BRDA:36,1,1,0
BRDA:41,2,0,0
BRDA:41,2,1,0
BRDA:41,3,0,0
BRDA:41,3,1,0
BRDA:59,4,0,0
BRDA:59,4,1,0
BRDA:61,5,0,0
BRDA:61,5,1,0
BRDA:63,6,0,0
BRDA:63,6,1,0
BRDA:65,7,0,0
BRDA:65,7,1,0
BRDA:68,8,0,0
BRDA:68,8,1,0
BRDA:75,9,0,0
BRDA:75,9,1,0
BRDA:76,10,0,0
BRDA:76,10,1,0
BRDA:76,11,0,0
BRDA:76,11,1,0
BRDA:86,12,0,0
BRDA:86,12,1,0
BRF:26
BRH:0
end_of_record
TN:
SF:client/src/components/overview/components/gallery/Zoom.jsx
FN:4,Zoom
FN:22,(anonymous_1)
FN:28,(anonymous_2)
FN:36,(anonymous_3)
FN:44,(anonymous_4)
FN:44,(anonymous_5)
FN:49,(anonymous_6)
FN:50,(anonymous_7)
FNF:8
FNH:0
FNDA:0,Zoom
FNDA:0,(anonymous_1)
FNDA:0,(anonymous_2)
FNDA:0,(anonymous_3)
FNDA:0,(anonymous_4)
FNDA:0,(anonymous_5)
FNDA:0,(anonymous_6)
FNDA:0,(anonymous_7)
DA:5,0
DA:6,0
DA:7,0
DA:9,0
DA:23,0
DA:24,0
DA:25,0
DA:26,0
DA:29,0
DA:30,0
DA:32,0
DA:33,0
DA:34,0
DA:37,0
DA:44,0
DA:50,0
LF:16
LH:0
BRDA:4,0,0,0
BRDA:4,1,0,0
BRDA:4,2,0,0
BRDA:51,3,0,0
BRDA:51,3,1,0
BRDA:58,4,0,0
BRDA:58,4,1,0
BRF:7
BRH:0
end_of_record
TN:
SF:client/src/components/overview/components/product-info/Cart.jsx
FN:5,Cart
FN:13,(anonymous_1)
FN:20,getSizes
FN:22,(anonymous_3)
FN:27,getOptions
FN:38,postCart
FN:45,(anonymous_6)
FN:51,(anonymous_7)
FN:63,(anonymous_8)
FN:65,(anonymous_9)
FN:65,(anonymous_10)
FN:75,(anonymous_11)
FN:84,(anonymous_12)
FNF:13
FNH:0
FNDA:0,Cart
FNDA:0,(anonymous_1)
FNDA:0,getSizes
FNDA:0,(anonymous_3)
FNDA:0,getOptions
FNDA:0,postCart
FNDA:0,(anonymous_6)
FNDA:0,(anonymous_7)
FNDA:0,(anonymous_8)
FNDA:0,(anonymous_9)
FNDA:0,(anonymous_10)
FNDA:0,(anonymous_11)
FNDA:0,(anonymous_12)
DA:6,0
DA:7,0
DA:8,0
DA:9,0
DA:10,0
DA:13,0
DA:14,0
DA:15,0
DA:21,0
DA:22,0
DA:23,0
DA:28,0
DA:29,0
DA:30,0
DA:31,0
DA:32,0
DA:34,0
DA:39,0
DA:40,0
DA:42,0
DA:43,0
DA:44,0
DA:45,0
DA:46,0
DA:47,0
DA:50,0
DA:51,0
DA:55,0
DA:64,0
DA:65,0
DA:66,0
DA:67,0
DA:75,0
DA:84,0
LF:34
LH:0
BRDA:14,0,0,0
BRDA:14,0,1,0
BRDA:30,1,0,0
BRDA:30,1,1,0
BRDA:39,2,0,0
BRDA:39,2,1,0
BRDA:39,3,0,0
BRDA:39,3,1,0
BRDA:46,4,0,0
BRDA:46,4,1,0
BRDA:56,5,0,0
BRDA:56,5,1,0
BRDA:56,6,0,0
BRDA:56,6,1,0
BRDA:62,7,0,0
BRDA:62,7,1,0
BRDA:67,8,0,0
BRDA:67,8,1,0
BRDA:76,9,0,0
BRDA:76,9,1,0
BRDA:76,10,0,0
BRDA:76,10,1,0
BRDA:80,11,0,0
BRDA:80,11,1,0
BRF:24
BRH:0
end_of_record
TN:
SF:client/src/components/overview/components/product-info/Social.jsx
FN:7,Social
FN:13,(anonymous_1)
FN:19,handleClick
FN:34,(anonymous_3)
FNF:4
FNH:0
FNDA:0,Social
FNDA:0,(anonymous_1)
FNDA:0,handleClick
FNDA:0,(anonymous_3)
DA:8,0
DA:9,0
DA:10,0
DA:13,0
DA:14,0
DA:15,0
DA:20,0
DA:21,0
DA:22,0
DA:23,0
DA:25,0
DA:26,0
DA:27,0
DA:31,0
DA:34,0
LF:15
LH:0
BRDA:14,0,0,0
BRDA:14,0,1,0
BRDA:15,1,0,0
BRDA:15,1,1,0
BRDA:20,2,0,0
BRDA:20,2,1,0
BRDA:32,3,0,0
BRDA:32,3,1,0
BRDA:35,4,0,0
BRDA:35,4,1,0
BRF:10
BRH:0
end_of_record
TN:
SF:client/src/components/overview/components/product-info/Styles.jsx
FN:4,Styles
FN:9,set
FN:21,(anonymous_2)
FN:23,(anonymous_3)
FNF:4
FNH:0
FNDA:0,Styles
FNDA:0,set
FNDA:0,(anonymous_2)
FNDA:0,(anonymous_3)
DA:5,0
DA:6,0
DA:10,0
DA:13,0
DA:22,0
DA:23,0
LF:6
LH:0
BRDA:23,0,0,0
BRDA:23,0,1,0
BRDA:24,1,0,0
BRDA:24,1,1,0
BRF:4
BRH:0
end_of_record
TN:
SF:client/src/components/qa/index.jsx
FN:10,(anonymous_0)
FN:29,(anonymous_1)
FN:32,(anonymous_2)
FN:36,(anonymous_3)
FN:43,(anonymous_4)
FN:50,(anonymous_5)
FNF:6
FNH:0
FNDA:0,(anonymous_0)
FNDA:0,(anonymous_1)
FNDA:0,(anonymous_2)
FNDA:0,(anonymous_3)
FNDA:0,(anonymous_4)
FNDA:0,(anonymous_5)
DA:10,1
DA:12,0
DA:14,0
DA:17,0
DA:18,0
DA:20,0
DA:22,0
DA:25,0
DA:29,0
DA:30,0
DA:31,0
DA:33,0
DA:34,0
DA:37,0
DA:43,0
DA:45,0
DA:46,0
DA:48,0
DA:50,0
DA:51,0
DA:52,0
DA:56,0
DA:57,0
DA:60,0
DA:65,0
LF:25
LH:1
BRDA:30,0,0,0
BRDA:30,0,1,0
BRDA:45,1,0,0
BRDA:45,1,1,0
BRDA:51,2,0,0
BRDA:51,2,1,0
BRDA:56,3,0,0
BRDA:56,3,1,0
BRF:8
BRH:0
end_of_record
TN:
SF:client/src/components/qa/components/AWEntry.jsx
FN:8,(anonymous_0)
FN:11,(anonymous_1)
FN:13,(anonymous_2)
FN:16,(anonymous_3)
FN:22,(anonymous_4)
FN:24,(anonymous_5)
FN:27,(anonymous_6)
FN:50,(anonymous_7)
FN:51,(anonymous_8)
FN:64,(anonymous_9)
FN:67,(anonymous_10)
FNF:11
FNH:0
FNDA:0,(anonymous_0)
FNDA:0,(anonymous_1)
FNDA:0,(anonymous_2)
FNDA:0,(anonymous_3)
FNDA:0,(anonymous_4)
FNDA:0,(anonymous_5)
FNDA:0,(anonymous_6)
FNDA:0,(anonymous_7)
FNDA:0,(anonymous_8)
FNDA:0,(anonymous_9)
FNDA:0,(anonymous_10)
DA:8,1
DA:11,0
DA:12,0
DA:14,0
DA:17,0
DA:22,0
DA:23,0
DA:25,0
DA:28,0
DA:33,0
DA:51,0
DA:52,0
DA:53,0
DA:64,0
DA:67,0
LF:15
LH:1
BRF:0
BRH:0
end_of_record
TN:
SF:client/src/components/qa/components/AddAnswModal.jsx
FN:6,(anonymous_0)
FN:39,(anonymous_1)
FN:51,(anonymous_2)
FN:58,(anonymous_3)
FN:61,(anonymous_4)
FN:67,(anonymous_5)
FN:77,(anonymous_6)
FN:79,(anonymous_7)
FN:88,(anonymous_8)
FN:125,(anonymous_9)
FN:139,(anonymous_10)
FNF:11
FNH:0
FNDA:0,(anonymous_0)
FNDA:0,(anonymous_1)
FNDA:0,(anonymous_2)
FNDA:0,(anonymous_3)
FNDA:0,(anonymous_4)
FNDA:0,(anonymous_5)
FNDA:0,(anonymous_6)
FNDA:0,(anonymous_7)
FNDA:0,(anonymous_8)
FNDA:0,(anonymous_9)
FNDA:0,(anonymous_10)
DA:6,1
DA:8,0
DA:9,0
DA:12,0
DA:13,0
DA:22,0
DA:40,0
DA:41,0
DA:42,0
DA:43,0
DA:51,0
DA:52,0
DA:59,0
DA:62,0
DA:67,0
DA:68,0
DA:73,0
DA:78,0
DA:79,0
DA:80,0
DA:81,0
DA:82,0
DA:83,0
DA:84,0
DA:88,0
DA:125,0
DA:140,0
LF:27
LH:1
BRDA:40,0,0,0
BRDA:40,0,1,0
BRDA:40,1,0,0
BRDA:40,1,1,0
BRDA:40,1,2,0
BRDA:74,2,0,0
BRDA:74,2,1,0
BRDA:75,3,0,0
BRDA:75,3,1,0
BRDA:131,4,0,0
BRDA:131,4,1,0
BRDA:139,5,0,0
BRDA:139,5,1,0
BRF:13
BRH:0
end_of_record
TN:
SF:client/src/components/qa/components/AddQuesBtn.jsx
FN:4,(anonymous_0)
FN:6,(anonymous_1)
FNF:2
FNH:0
FNDA:0,(anonymous_0)
FNDA:0,(anonymous_1)
DA:4,1
DA:5,0
DA:6,0
LF:3
LH:1
BRF:0
BRH:0
end_of_record
TN:
SF:client/src/components/qa/components/AddQuesModal.jsx
FN:6,(anonymous_0)
FN:9,(anonymous_1)
FN:16,(anonymous_2)
FN:19,(anonymous_3)
FN:29,(anonymous_4)
FN:39,(anonymous_5)
FNF:6
FNH:0
FNDA:0,(anonymous_0)
FNDA:0,(anonymous_1)
FNDA:0,(anonymous_2)
FNDA:0,(anonymous_3)
FNDA:0,(anonymous_4)
FNDA:0,(anonymous_5)
DA:6,1
DA:9,0
DA:10,0
DA:17,0
DA:20,0
DA:25,0
DA:30,0
DA:31,0
DA:32,0
DA:33,0
DA:34,0
DA:35,0
DA:39,0
LF:13
LH:1
BRDA:26,0,0,0
BRDA:26,0,1,0
BRDA:27,1,0,0
BRDA:27,1,1,0
BRF:4
BRH:0
end_of_record
TN:
SF:client/src/components/qa/components/ImageModal.jsx
FN:6,(anonymous_0)
FN:8,(anonymous_1)
FNF:2
FNH:0
FNDA:0,(anonymous_0)
FNDA:0,(anonymous_1)
DA:6,1
DA:8,0
DA:9,0
LF:3
LH:1
BRDA:8,0,0,0
BRDA:8,0,1,0
BRDA:12,1,0,0
BRDA:12,1,1,0
BRF:4
BRH:0
end_of_record
TN:
SF:client/src/components/qa/components/LoadQuesBtn.jsx
FN:4,(anonymous_0)
FN:6,(anonymous_1)
FNF:2
FNH:0
FNDA:0,(anonymous_0)
FNDA:0,(anonymous_1)
DA:4,1
DA:5,0
DA:6,0
LF:3
LH:1
BRF:0
BRH:0
end_of_record
TN:
SF:client/src/components/qa/components/Pagination.jsx
FN:4,(anonymous_0)
FN:9,(anonymous_1)
FN:13,(anonymous_2)
FN:23,(anonymous_3)
FN:25,(anonymous_4)
FNF:5
FNH:0
FNDA:0,(anonymous_0)
FNDA:0,(anonymous_1)
FNDA:0,(anonymous_2)
FNDA:0,(anonymous_3)
FNDA:0,(anonymous_4)
DA:4,1
DA:6,0
DA:9,0
DA:10,0
DA:11,0
DA:13,0
DA:14,0
DA:15,0
DA:18,0
DA:24,0
DA:25,0
LF:11
LH:1
BRDA:10,0,0,0
BRDA:10,0,1,0
BRDA:14,1,0,0
BRDA:14,1,1,0
BRDA:26,2,0,0
BRDA:26,2,1,0
BRF:6
BRH:0
end_of_record
TN:
SF:client/src/components/qa/components/QA.jsx
FN:10,(anonymous_0)
FN:34,(anonymous_1)
FN:53,(anonymous_2)
FNF:3
FNH:0
FNDA:0,(anonymous_0)
FNDA:0,(anonymous_1)
FNDA:0,(anonymous_2)
DA:10,1
DA:29,0
DA:31,0
DA:34,0
DA:35,0
DA:42,0
DA:54,0
LF:7
LH:1
BRDA:62,0,0,0
BRDA:62,0,1,0
BRDA:62,1,0,0
BRDA:62,1,1,0
BRF:4
BRH:0
end_of_record
TN:
SF:client/src/components/qa/components/QAEntry.jsx
FN:7,(anonymous_0)
FN:18,(anonymous_1)
FN:25,(anonymous_2)
FN:27,(anonymous_3)
FN:31,(anonymous_4)
FN:37,(anonymous_5)
FN:39,(anonymous_6)
FN:42,(anonymous_7)
FN:48,(anonymous_8)
FN:50,(anonymous_9)
FN:53,(anonymous_10)
FN:59,(anonymous_11)
FN:78,(anonymous_12)
FN:81,(anonymous_13)
FN:84,(anonymous_14)
FN:94,(anonymous_15)
FN:101,(anonymous_16)
FNF:17
FNH:0
FNDA:0,(anonymous_0)
FNDA:0,(anonymous_1)
FNDA:0,(anonymous_2)
FNDA:0,(anonymous_3)
FNDA:0,(anonymous_4)
FNDA:0,(anonymous_5)
FNDA:0,(anonymous_6)
FNDA:0,(anonymous_7)
FNDA:0,(anonymous_8)
FNDA:0,(anonymous_9)
FNDA:0,(anonymous_10)
FNDA:0,(anonymous_11)
FNDA:0,(anonymous_12)
FNDA:0,(anonymous_13)
FNDA:0,(anonymous_14)
FNDA:0,(anonymous_15)
FNDA:0,(anonymous_16)
DA:7,1
DA:9,0
DA:13,0
DA:15,0
DA:18,0
DA:19,0
DA:25,0
DA:26,0
DA:29,0
DA:32,0
DA:37,0
DA:38,0
DA:40,0
DA:43,0
DA:48,0
DA:49,0
DA:51,0
DA:54,0
DA:59,0
DA:60,0
DA:65,0
DA:78,0
DA:81,0
DA:85,0
DA:86,0
DA:95,0
DA:101,0
LF:27
LH:1
BRDA:94,0,0,0
BRDA:94,0,1,0
BRDA:101,1,0,0
BRDA:101,1,1,0
BRDA:101,2,0,0
BRDA:101,2,1,0
BRF:6
BRH:0
end_of_record
TN:
SF:client/src/components/qa/components/SearchQues.jsx
FN:4,(anonymous_0)
FN:9,(anonymous_1)
FNF:2
FNH:0
FNDA:0,(anonymous_0)
FNDA:0,(anonymous_1)
DA:4,1
DA:6,0
DA:9,0
LF:3
LH:1
BRDA:9,0,0,0
BRDA:9,0,1,0
BRF:2
BRH:0
end_of_record
TN:
SF:client/src/components/ratings/index.jsx
FN:6,Reviews
FN:17,(anonymous_1)
FN:20,(anonymous_2)
FN:23,(anonymous_3)
FN:25,(anonymous_4)
FN:34,(anonymous_5)
FNF:6
FNH:0
FNDA:0,Reviews
FNDA:0,(anonymous_1)
FNDA:0,(anonymous_2)
FNDA:0,(anonymous_3)
FNDA:0,(anonymous_4)
FNDA:0,(anonymous_5)
DA:7,0
DA:8,0
DA:9,0
DA:10,0
DA:17,0
DA:19,0
DA:21,0
DA:23,0
DA:24,0
DA:26,0
DA:27,0
DA:28,0
DA:29,0
DA:30,0
DA:31,0
DA:32,0
DA:34,0
DA:37,0
LF:18
LH:0
BRDA:38,0,0,0
BRDA:38,0,1,0
BRDA:38,1,0,0
BRDA:38,1,1,0
BRF:4
BRH:0
end_of_record
TN:
SF:client/src/components/ratings/components/Breakdown/Breakdown.jsx
FN:6,Breakdown
FNF:1
FNH:0
FNDA:0,Breakdown
DA:8,0
LF:1
LH:0
BRF:0
BRH:0
end_of_record
TN:
SF:client/src/components/ratings/components/Breakdown/BreakdownByStars.jsx
FN:3,BreakdownByStars
FN:8,(anonymous_1)
FN:31,(anonymous_2)
FN:37,(anonymous_3)
FN:43,(anonymous_4)
FN:49,(anonymous_5)
FN:55,(anonymous_6)
FN:62,(anonymous_7)
FN:72,(anonymous_8)
FN:87,(anonymous_9)
FN:91,(anonymous_10)
FN:95,(anonymous_11)
FN:99,(anonymous_12)
FN:103,(anonymous_13)
FNF:14
FNH:0
FNDA:0,BreakdownByStars
FNDA:0,(anonymous_1)
FNDA:0,(anonymous_2)
FNDA:0,(anonymous_3)
FNDA:0,(anonymous_4)
FNDA:0,(anonymous_5)
FNDA:0,(anonymous_6)
FNDA:0,(anonymous_7)
FNDA:0,(anonymous_8)
FNDA:0,(anonymous_9)
FNDA:0,(anonymous_10)
FNDA:0,(anonymous_11)
FNDA:0,(anonymous_12)
FNDA:0,(anonymous_13)
DA:4,0
DA:5,0
DA:6,0
DA:8,0
DA:9,0
DA:10,0
DA:17,0
DA:18,0
DA:19,0
DA:20,0
DA:21,0
DA:22,0
DA:23,0
DA:24,0
DA:25,0
DA:26,0
DA:27,0
DA:31,0
DA:37,0
DA:43,0
DA:49,0
DA:55,0
DA:62,0
DA:63,0
DA:64,0
DA:65,0
DA:66,0
DA:68,0
DA:72,0
DA:73,0
DA:76,0
DA:87,0
DA:91,0
DA:95,0
DA:99,0
DA:103,0
LF:36
LH:0
BRDA:9,0,0,0
BRDA:9,0,1,0
BRDA:63,1,0,0
BRDA:63,1,1,0
BRDA:78,2,0,0
BRDA:78,2,1,0
BRDA:78,3,0,0
BRDA:78,3,1,0
BRDA:78,3,2,0
BRDA:80,4,0,0
BRDA:80,4,1,0
BRF:11
BRH:0
end_of_record
TN:
SF:client/src/components/ratings/components/Breakdown/ProductBreakdown.jsx
FN:3,ProductBreakdown
FN:35,(anonymous_1)
FNF:2
FNH:0
FNDA:0,ProductBreakdown
FNDA:0,(anonymous_1)
DA:5,0
DA:6,0
DA:7,0
DA:8,0
DA:9,0
DA:10,0
DA:12,0
DA:20,0
DA:25,0
DA:30,0
DA:35,0
DA:43,0
LF:12
LH:0
BRDA:45,0,0,0
BRDA:45,0,1,0
BRDA:57,1,0,0
BRDA:57,1,1,0
BRDA:69,2,0,0
BRDA:69,2,1,0
BRDA:81,3,0,0
BRDA:81,3,1,0
BRDA:93,4,0,0
BRDA:93,4,1,0
BRDA:105,5,0,0
BRDA:105,5,1,0
BRF:12
BRH:0
end_of_record
TN:
SF:client/src/components/ratings/components/Breakdown/RatingBreakdown.jsx
FN:5,RatingBreakdown
FNF:1
FNH:0
FNDA:0,RatingBreakdown
DA:6,0
LF:1
LH:0
BRF:0
BRH:0
end_of_record
TN:
SF:client/src/components/ratings/components/ReviewsList/ReviewTile.jsx
FN:3,ReviewsList
FNF:1
FNH:0
FNDA:0,ReviewsList
DA:5,0
DA:7,0
LF:2
LH:0
BRF:0
BRH:0
end_of_record
TN:
SF:client/src/components/ratings/components/ReviewsList/ReviewsList.jsx
FN:6,ReviewsList
FN:8,(anonymous_1)
FN:10,(anonymous_2)
FN:13,(anonymous_3)
FN:18,(anonymous_4)
FNF:5
FNH:0
FNDA:0,ReviewsList
FNDA:0,(anonymous_1)
FNDA:0,(anonymous_2)
FNDA:0,(anonymous_3)
FNDA:0,(anonymous_4)
DA:8,0
DA:9,0
DA:11,0
DA:13,0
DA:16,0
DA:19,0
LF:6
LH:0
BRF:0
BRH:0
end_of_record
TN:
SF:client/src/components/related-items/index.jsx
FN:6,RelatedItemsAndComparison
FN:9,(anonymous_1)
FNF:2
FNH:0
FNDA:0,RelatedItemsAndComparison
FNDA:0,(anonymous_1)
DA:7,0
DA:8,0
DA:9,0
LF:3
LH:0
BRF:0
BRH:0
end_of_record
TN:
SF:client/src/components/related-items/components/PopupComparison.jsx
FN:3,PopupComparison
FN:5,(anonymous_1)
FN:8,(anonymous_2)
FN:13,(anonymous_3)
FN:25,(anonymous_4)
FNF:5
FNH:0
FNDA:0,PopupComparison
FNDA:0,(anonymous_1)
FNDA:0,(anonymous_2)
FNDA:0,(anonymous_3)
FNDA:0,(anonymous_4)
DA:4,0
DA:5,0
DA:6,0
DA:8,0
DA:9,0
DA:12,0
DA:13,0
DA:26,0
LF:8
LH:0
BRDA:9,0,0,0
BRDA:9,0,1,0
BRDA:27,1,0,0
BRDA:27,1,1,0
BRDA:29,2,0,0
BRDA:29,2,1,0
BRF:6
BRH:0
end_of_record
TN:
SF:client/src/components/related-items/components/PreviewCarousel.jsx
FN:4,PreviewCarousel
FN:8,(anonymous_1)
FN:15,(anonymous_2)
FN:17,(anonymous_3)
FN:18,(anonymous_4)
FNF:5
FNH:0
FNDA:0,PreviewCarousel
FNDA:0,(anonymous_1)
FNDA:0,(anonymous_2)
FNDA:0,(anonymous_3)
FNDA:0,(anonymous_4)
DA:6,0
DA:8,0
DA:9,0
DA:12,0
DA:16,0
DA:17,0
DA:18,0
LF:7
LH:0
BRDA:16,0,0,0
BRDA:16,0,1,0
BRDA:18,1,0,0
BRDA:18,1,1,0
BRF:4
BRH:0
end_of_record
TN:
SF:client/src/components/related-items/components/ProductCard.jsx
FN:7,ProductCard
FN:14,(anonymous_1)
FN:19,(anonymous_2)
FN:20,(anonymous_3)
FN:22,(anonymous_4)
FN:34,(anonymous_5)
FN:39,(anonymous_6)
FN:49,(anonymous_7)
FN:53,(anonymous_8)
FN:66,(anonymous_9)
FN:69,(anonymous_10)
FN:74,(anonymous_11)
FNF:12
FNH:0
FNDA:0,ProductCard
FNDA:0,(anonymous_1)
FNDA:0,(anonymous_2)
FNDA:0,(anonymous_3)
FNDA:0,(anonymous_4)
FNDA:0,(anonymous_5)
FNDA:0,(anonymous_6)
FNDA:0,(anonymous_7)
FNDA:0,(anonymous_8)
FNDA:0,(anonymous_9)
FNDA:0,(anonymous_10)
FNDA:0,(anonymous_11)
DA:9,0
DA:10,0
DA:11,0
DA:12,0
DA:14,0
DA:15,0
DA:17,0
DA:18,0
DA:19,0
DA:20,0
DA:21,0
DA:23,0
DA:24,0
DA:25,0
DA:26,0
DA:27,0
DA:29,0
DA:30,0
DA:34,0
DA:39,0
DA:40,0
DA:41,0
DA:42,0
DA:43,0
DA:44,0
DA:45,0
DA:46,0
DA:49,0
DA:50,0
DA:53,0
DA:54,0
DA:55,0
DA:56,0
DA:57,0
DA:60,0
DA:66,0
DA:69,0
DA:74,0
LF:38
LH:0
BRDA:17,0,0,0
BRDA:17,0,1,0
BRDA:25,1,0,0
BRDA:25,1,1,0
BRDA:29,2,0,0
BRDA:29,2,1,0
BRDA:40,3,0,0
BRDA:40,3,1,0
BRDA:41,4,0,0
BRDA:41,4,1,0
BRDA:42,5,0,0
BRDA:42,5,1,0
BRDA:43,6,0,0
BRDA:43,6,1,0
BRDA:44,7,0,0
BRDA:44,7,1,0
BRDA:45,8,0,0
BRDA:45,8,1,0
BRDA:62,9,0,0
BRDA:62,9,1,0
BRDA:65,10,0,0
BRDA:65,10,1,0
BRDA:65,11,0,0
BRDA:65,11,1,0
BRDA:65,11,2,0
BRDA:68,12,0,0
BRDA:68,12,1,0
BRDA:73,13,0,0
BRDA:73,13,1,0
BRDA:83,14,0,0
BRDA:83,14,1,0
BRF:31
BRH:0
end_of_record
TN:
SF:client/src/components/related-items/components/ProductCardImage.jsx
FN:4,ProductCardImage
FN:12,(anonymous_1)
FN:12,(anonymous_2)
FN:13,(anonymous_3)
FNF:4
FNH:0
FNDA:0,ProductCardImage
FNDA:0,(anonymous_1)
FNDA:0,(anonymous_2)
FNDA:0,(anonymous_3)
DA:6,0
DA:7,0
DA:9,0
DA:11,0
DA:12,0
DA:13,0
LF:6
LH:0
BRDA:15,0,0,0
BRDA:15,0,1,0
BRDA:16,1,0,0
BRDA:16,1,1,0
BRF:4
BRH:0
end_of_record
TN:
SF:client/src/components/related-items/components/RelatedProductsList.jsx
FN:6,RelatedProductsList
FN:9,(anonymous_1)
FN:12,(anonymous_2)
FN:13,(anonymous_3)
FN:21,(anonymous_4)
FNF:5
FNH:0
FNDA:0,RelatedProductsList
FNDA:0,(anonymous_1)
FNDA:0,(anonymous_2)
FNDA:0,(anonymous_3)
FNDA:0,(anonymous_4)
DA:7,0
DA:9,0
DA:10,0
DA:11,0
DA:12,0
DA:13,0
DA:16,0
DA:22,0
LF:8
LH:0
BRDA:26,0,0,0
BRDA:26,0,1,0
BRF:2
BRH:0
end_of_record
TN:
SF:client/src/components/related-items/components/ScrollButtons.jsx
FN:4,scrollButtons
FN:8,(anonymous_1)
FN:14,(anonymous_2)
FN:19,(anonymous_3)
FN:23,(anonymous_4)
FNF:5
FNH:0
FNDA:0,scrollButtons
FNDA:0,(anonymous_1)
FNDA:0,(anonymous_2)
FNDA:0,(anonymous_3)
FNDA:0,(anonymous_4)
DA:5,0
DA:6,0
DA:8,0
DA:9,0
DA:10,0
DA:11,0
DA:13,0
DA:14,0
DA:16,0
DA:19,0
DA:20,0
DA:21,0
DA:22,0
DA:23,0
DA:25,0
DA:28,0
LF:16
LH:0
BRDA:10,0,0,0
BRDA:10,0,1,0
BRDA:13,1,0,0
BRDA:13,1,1,0
BRDA:22,2,0,0
BRDA:22,2,1,0
BRDA:30,3,0,0
BRDA:30,3,1,0
BRDA:33,4,0,0
BRDA:33,4,1,0
BRF:10
BRH:0
end_of_record
TN:
SF:client/src/components/related-items/components/YourOutfitList.jsx
FN:6,YourOutfitList
FN:7,(anonymous_1)
FN:9,(anonymous_2)
FN:26,(anonymous_3)
FNF:4
FNH:0
FNDA:0,YourOutfitList
FNDA:0,(anonymous_1)
FNDA:0,(anonymous_2)
FNDA:0,(anonymous_3)
DA:7,0
DA:9,0
DA:10,0
DA:11,0
DA:12,0
DA:16,0
DA:27,0
LF:7
LH:0
BRDA:7,0,0,0
BRDA:7,0,1,0
BRDA:10,1,0,0
BRDA:10,1,1,0
BRDA:26,2,0,0
BRDA:26,2,1,0
BRDA:30,3,0,0
BRDA:30,3,1,0
BRF:8
BRH:0
end_of_record
